{"/Users/wxq/github/friday/packages/friday-async/src/AsyncRequestProvider.tsx": {"path":"/Users/wxq/github/friday/packages/friday-async/src/AsyncRequestProvider.tsx","statementMap":{"0":{"start":{"line":1,"column":0},"end":{"line":1,"column":25}},"1":{"start":{"line":2,"column":0},"end":{"line":2,"column":31}},"2":{"start":{"line":3,"column":0},"end":{"line":3,"column":57}},"3":{"start":{"line":4,"column":0},"end":{"line":4,"column":38}},"4":{"start":{"line":6,"column":29},"end":{"line":25,"column":1}},"5":{"start":{"line":7,"column":30},"end":{"line":7,"column":35}},"6":{"start":{"line":9,"column":27},"end":{"line":9,"column":32}},"7":{"start":{"line":11,"column":1},"end":{"line":11,"column":null}},"8":{"start":{"line":13,"column":19},"end":{"line":16,"column":null}},"9":{"start":{"line":15,"column":23},"end":{"line":15,"column":44}},"10":{"start":{"line":18,"column":1},"end":{"line":24,"column":null}},"11":{"start":{"line":27,"column":0},"end":{"line":27,"column":null}}},"fnMap":{"0":{"name":"(anonymous_1)","decl":{"start":{"line":6,"column":29},"end":{"line":6,"column":30}},"loc":{"start":{"line":6,"column":39},"end":{"line":25,"column":1}}},"1":{"name":"(anonymous_2)","decl":{"start":{"line":15,"column":11},"end":{"line":15,"column":12}},"loc":{"start":{"line":15,"column":23},"end":{"line":15,"column":44}}}},"branchMap":{},"s":{"0":0,"1":0,"2":0,"3":0,"4":0,"5":0,"6":0,"7":0,"8":0,"9":0,"10":0,"11":0},"f":{"0":0,"1":0},"b":{}}
,"/Users/wxq/github/friday/packages/friday-async/src/dispatchAsync.ts": {"path":"/Users/wxq/github/friday/packages/friday-async/src/dispatchAsync.ts","statementMap":{"0":{"start":{"line":2,"column":0},"end":{"line":2,"column":33}},"1":{"start":{"line":3,"column":0},"end":{"line":3,"column":38}},"2":{"start":{"line":4,"column":0},"end":{"line":4,"column":62}},"3":{"start":{"line":7,"column":0},"end":{"line":7,"column":60}},"4":{"start":{"line":13,"column":31},"end":{"line":25,"column":1}},"5":{"start":{"line":14,"column":1},"end":{"line":16,"column":null}},"6":{"start":{"line":15,"column":2},"end":{"line":15,"column":null}},"7":{"start":{"line":20,"column":1},"end":{"line":22,"column":null}},"8":{"start":{"line":21,"column":2},"end":{"line":21,"column":null}},"9":{"start":{"line":24,"column":1},"end":{"line":24,"column":null}},"10":{"start":{"line":27,"column":29},"end":{"line":67,"column":1}},"11":{"start":{"line":31,"column":23},"end":{"line":31,"column":54}},"12":{"start":{"line":33,"column":1},"end":{"line":33,"column":null}},"13":{"start":{"line":35,"column":1},"end":{"line":38,"column":null}},"14":{"start":{"line":42,"column":1},"end":{"line":44,"column":null}},"15":{"start":{"line":43,"column":2},"end":{"line":43,"column":null}},"16":{"start":{"line":46,"column":1},"end":{"line":48,"column":null}},"17":{"start":{"line":47,"column":2},"end":{"line":47,"column":null}},"18":{"start":{"line":50,"column":16},"end":{"line":50,"column":52}},"19":{"start":{"line":52,"column":1},"end":{"line":66,"column":null}},"20":{"start":{"line":54,"column":3},"end":{"line":54,"column":null}},"21":{"start":{"line":61,"column":3},"end":{"line":61,"column":null}},"22":{"start":{"line":64,"column":17},"end":{"line":64,"column":65}},"23":{"start":{"line":65,"column":3},"end":{"line":65,"column":null}},"24":{"start":{"line":27,"column":13},"end":{"line":27,"column":29}}},"fnMap":{"0":{"name":"(anonymous_1)","decl":{"start":{"line":13,"column":31},"end":{"line":13,"column":32}},"loc":{"start":{"line":13,"column":52},"end":{"line":25,"column":1}}},"1":{"name":"(anonymous_2)","decl":{"start":{"line":27,"column":29},"end":{"line":27,"column":34}},"loc":{"start":{"line":29,"column":48},"end":{"line":67,"column":1}}},"2":{"name":"(anonymous_3)","decl":{"start":{"line":53,"column":8},"end":{"line":53,"column":9}},"loc":{"start":{"line":53,"column":19},"end":{"line":55,"column":3}}},"3":{"name":"(anonymous_4)","decl":{"start":{"line":56,"column":8},"end":{"line":56,"column":9}},"loc":{"start":{"line":56,"column":19},"end":{"line":62,"column":3}}},"4":{"name":"(anonymous_5)","decl":{"start":{"line":63,"column":9},"end":{"line":63,"column":10}},"loc":{"start":{"line":63,"column":19},"end":{"line":66,"column":3}}}},"branchMap":{"0":{"loc":{"start":{"line":14,"column":1},"end":{"line":16,"column":null}},"type":"if","locations":[{"start":{"line":14,"column":1},"end":{"line":16,"column":null}},{"start":{"line":14,"column":1},"end":{"line":16,"column":null}}]},"1":{"loc":{"start":{"line":20,"column":1},"end":{"line":22,"column":null}},"type":"if","locations":[{"start":{"line":20,"column":1},"end":{"line":22,"column":null}},{"start":{"line":20,"column":1},"end":{"line":22,"column":null}}]},"2":{"loc":{"start":{"line":20,"column":5},"end":{"line":20,"column":19}},"type":"binary-expr","locations":[{"start":{"line":20,"column":5},"end":{"line":20,"column":19}},{"start":{"line":20,"column":23},"end":{"line":20,"column":38}},{"start":{"line":20,"column":42},"end":{"line":20,"column":49}}]},"3":{"loc":{"start":{"line":36,"column":3},"end":{"line":36,"column":20}},"type":"binary-expr","locations":[{"start":{"line":36,"column":3},"end":{"line":36,"column":20}},{"start":{"line":36,"column":24},"end":{"line":36,"column":43}}]},"4":{"loc":{"start":{"line":42,"column":1},"end":{"line":44,"column":null}},"type":"if","locations":[{"start":{"line":42,"column":1},"end":{"line":44,"column":null}},{"start":{"line":42,"column":1},"end":{"line":44,"column":null}}]},"5":{"loc":{"start":{"line":46,"column":1},"end":{"line":48,"column":null}},"type":"if","locations":[{"start":{"line":46,"column":1},"end":{"line":48,"column":null}},{"start":{"line":46,"column":1},"end":{"line":48,"column":null}}]},"6":{"loc":{"start":{"line":50,"column":27},"end":{"line":50,"column":29}},"type":"cond-expr","locations":[{"start":{"line":50,"column":27},"end":{"line":50,"column":29}},{"start":{"line":50,"column":16},"end":{"line":50,"column":41}}]},"7":{"loc":{"start":{"line":50,"column":16},"end":{"line":50,"column":29}},"type":"binary-expr","locations":[{"start":{"line":50,"column":16},"end":{"line":50,"column":29}},{"start":{"line":50,"column":16},"end":{"line":50,"column":29}}]}},"s":{"0":0,"1":0,"2":0,"3":0,"4":0,"5":0,"6":0,"7":0,"8":0,"9":0,"10":0,"11":0,"12":0,"13":0,"14":0,"15":0,"16":0,"17":0,"18":0,"19":0,"20":0,"21":0,"22":0,"23":0,"24":0},"f":{"0":0,"1":0,"2":0,"3":0,"4":0},"b":{"0":[0,0],"1":[0,0],"2":[0,0,0],"3":[0,0],"4":[0,0],"5":[0,0],"6":[0,0],"7":[0,0]}}
,"/Users/wxq/github/friday/packages/friday-async/src/genarateApi.ts": {"path":"/Users/wxq/github/friday/packages/friday-async/src/genarateApi.ts","statementMap":{"0":{"start":{"line":1,"column":0},"end":{"line":1,"column":40}},"1":{"start":{"line":5,"column":20},"end":{"line":11,"column":1}},"2":{"start":{"line":6,"column":1},"end":{"line":8,"column":null}},"3":{"start":{"line":7,"column":2},"end":{"line":7,"column":null}},"4":{"start":{"line":7,"column":30},"end":{"line":7,"column":51}},"5":{"start":{"line":10,"column":1},"end":{"line":10,"column":null}},"6":{"start":{"line":13,"column":28},"end":{"line":27,"column":1}},"7":{"start":{"line":16,"column":1},"end":{"line":26,"column":null}},"8":{"start":{"line":16,"column":74},"end":{"line":26,"column":2}},"9":{"start":{"line":18,"column":21},"end":{"line":18,"column":53}},"10":{"start":{"line":20,"column":2},"end":{"line":25,"column":null}},"11":{"start":{"line":13,"column":13},"end":{"line":13,"column":28}},"12":{"start":{"line":29,"column":29},"end":{"line":43,"column":1}},"13":{"start":{"line":32,"column":1},"end":{"line":42,"column":null}},"14":{"start":{"line":32,"column":74},"end":{"line":42,"column":2}},"15":{"start":{"line":34,"column":19},"end":{"line":34,"column":72}},"16":{"start":{"line":36,"column":2},"end":{"line":41,"column":null}},"17":{"start":{"line":29,"column":13},"end":{"line":29,"column":29}}},"fnMap":{"0":{"name":"(anonymous_0)","decl":{"start":{"line":5,"column":20},"end":{"line":5,"column":29}},"loc":{"start":{"line":5,"column":63},"end":{"line":11,"column":1}}},"1":{"name":"(anonymous_1)","decl":{"start":{"line":7,"column":24},"end":{"line":7,"column":25}},"loc":{"start":{"line":7,"column":30},"end":{"line":7,"column":51}}},"2":{"name":"(anonymous_2)","decl":{"start":{"line":13,"column":28},"end":{"line":13,"column":null}},"loc":{"start":{"line":15,"column":31},"end":{"line":27,"column":1}}},"3":{"name":"(anonymous_3)","decl":{"start":{"line":16,"column":8},"end":{"line":16,"column":9}},"loc":{"start":{"line":16,"column":74},"end":{"line":26,"column":2}}},"4":{"name":"(anonymous_4)","decl":{"start":{"line":16,"column":74},"end":{"line":16,"column":75}},"loc":{"start":{"line":16,"column":104},"end":{"line":26,"column":2}}},"5":{"name":"(anonymous_5)","decl":{"start":{"line":29,"column":29},"end":{"line":29,"column":null}},"loc":{"start":{"line":31,"column":31},"end":{"line":43,"column":1}}},"6":{"name":"(anonymous_6)","decl":{"start":{"line":32,"column":8},"end":{"line":32,"column":9}},"loc":{"start":{"line":32,"column":74},"end":{"line":42,"column":2}}},"7":{"name":"(anonymous_7)","decl":{"start":{"line":32,"column":74},"end":{"line":32,"column":75}},"loc":{"start":{"line":32,"column":104},"end":{"line":42,"column":2}}}},"branchMap":{"0":{"loc":{"start":{"line":6,"column":1},"end":{"line":8,"column":null}},"type":"if","locations":[{"start":{"line":6,"column":1},"end":{"line":8,"column":null}},{"start":{"line":6,"column":1},"end":{"line":8,"column":null}}]},"1":{"loc":{"start":{"line":16,"column":40},"end":{"line":16,"column":42}},"type":"default-arg","locations":[{"start":{"line":16,"column":40},"end":{"line":16,"column":42}}]},"2":{"loc":{"start":{"line":16,"column":88},"end":{"line":16,"column":100}},"type":"default-arg","locations":[{"start":{"line":16,"column":88},"end":{"line":16,"column":100}}]},"3":{"loc":{"start":{"line":32,"column":40},"end":{"line":32,"column":42}},"type":"default-arg","locations":[{"start":{"line":32,"column":40},"end":{"line":32,"column":42}}]},"4":{"loc":{"start":{"line":32,"column":88},"end":{"line":32,"column":100}},"type":"default-arg","locations":[{"start":{"line":32,"column":88},"end":{"line":32,"column":100}}]}},"s":{"0":2,"1":2,"2":6,"3":0,"4":0,"5":6,"6":2,"7":14,"8":26,"9":50,"10":50,"11":2,"12":2,"13":4,"14":6,"15":6,"16":6,"17":2},"f":{"0":6,"1":0,"2":14,"3":26,"4":50,"5":4,"6":6,"7":6},"b":{"0":[0,6],"1":[24],"2":[50],"3":[6],"4":[6]}}
,"/Users/wxq/github/friday/packages/friday-async/src/index.ts": {"path":"/Users/wxq/github/friday/packages/friday-async/src/index.ts","statementMap":{"0":{"start":{"line":2,"column":0},"end":{"line":2,"column":7}},"1":{"start":{"line":14,"column":1},"end":{"line":2,"column":37}},"2":{"start":{"line":4,"column":0},"end":{"line":4,"column":7}},"3":{"start":{"line":19,"column":1},"end":{"line":4,"column":53}},"4":{"start":{"line":6,"column":0},"end":{"line":6,"column":21}},"5":{"start":{"line":16,"column":1},"end":{"line":6,"column":32}},"6":{"start":{"line":17,"column":1},"end":{"line":6,"column":46}},"7":{"start":{"line":18,"column":1},"end":{"line":6,"column":75}},"8":{"start":{"line":8,"column":0},"end":{"line":8,"column":7}},"9":{"start":{"line":20,"column":1},"end":{"line":8,"column":57}},"10":{"start":{"line":10,"column":0},"end":{"line":10,"column":33}},"11":{"start":{"line":11,"column":0},"end":{"line":11,"column":29}},"12":{"start":{"line":12,"column":0},"end":{"line":12,"column":31}}},"fnMap":{"0":{"name":"(anonymous_5)","decl":{"start":{"line":16,"column":1},"end":{"line":16,"column":10}},"loc":{"start":{"line":16,"column":1},"end":{"line":6,"column":32}}},"1":{"name":"(anonymous_6)","decl":{"start":{"line":17,"column":1},"end":{"line":17,"column":13}},"loc":{"start":{"line":17,"column":1},"end":{"line":6,"column":46}}},"2":{"name":"(anonymous_7)","decl":{"start":{"line":18,"column":1},"end":{"line":18,"column":13}},"loc":{"start":{"line":18,"column":1},"end":{"line":6,"column":75}}}},"branchMap":{},"s":{"0":0,"1":0,"2":0,"3":0,"4":0,"5":0,"6":0,"7":0,"8":0,"9":0,"10":0,"11":0,"12":0},"f":{"0":0,"1":0,"2":0},"b":{}}
,"/Users/wxq/github/friday/packages/friday-async/src/request.middleware.tsx": {"path":"/Users/wxq/github/friday/packages/friday-async/src/request.middleware.tsx","statementMap":{"0":{"start":{"line":1,"column":0},"end":{"line":1,"column":25}},"1":{"start":{"line":2,"column":0},"end":{"line":2,"column":31}},"2":{"start":{"line":3,"column":0},"end":{"line":3,"column":38}},"3":{"start":{"line":4,"column":0},"end":{"line":4,"column":76}},"4":{"start":{"line":6,"column":27},"end":{"line":31,"column":1}},"5":{"start":{"line":8,"column":27},"end":{"line":8,"column":41}},"6":{"start":{"line":10,"column":1},"end":{"line":10,"column":null}},"7":{"start":{"line":12,"column":19},"end":{"line":15,"column":null}},"8":{"start":{"line":14,"column":23},"end":{"line":14,"column":44}},"9":{"start":{"line":17,"column":1},"end":{"line":30,"column":null}},"10":{"start":{"line":18,"column":2},"end":{"line":29,"column":null}},"11":{"start":{"line":20,"column":4},"end":{"line":26,"column":null}},"12":{"start":{"line":33,"column":0},"end":{"line":33,"column":null}}},"fnMap":{"0":{"name":"(anonymous_1)","decl":{"start":{"line":6,"column":27},"end":{"line":6,"column":28}},"loc":{"start":{"line":6,"column":65},"end":{"line":31,"column":1}}},"1":{"name":"(anonymous_2)","decl":{"start":{"line":14,"column":11},"end":{"line":14,"column":12}},"loc":{"start":{"line":14,"column":23},"end":{"line":14,"column":44}}},"2":{"name":"(anonymous_3)","decl":{"start":{"line":17,"column":8},"end":{"line":17,"column":9}},"loc":{"start":{"line":17,"column":35},"end":{"line":30,"column":2}}},"3":{"name":"(anonymous_4)","decl":{"start":{"line":19,"column":3},"end":{"line":19,"column":6}},"loc":{"start":{"line":19,"column":12},"end":{"line":27,"column":4}}}},"branchMap":{},"s":{"0":0,"1":0,"2":0,"3":0,"4":0,"5":0,"6":0,"7":0,"8":0,"9":0,"10":0,"11":0,"12":0},"f":{"0":0,"1":0,"2":0,"3":0},"b":{}}
,"/Users/wxq/github/friday/packages/friday-async/src/axios/axios.service.ts": {"path":"/Users/wxq/github/friday/packages/friday-async/src/axios/axios.service.ts","statementMap":{"0":{"start":{"line":9,"column":8},"end":{"line":11,"column":null}},"1":{"start":{"line":10,"column":2},"end":{"line":10,"column":null}},"2":{"start":{"line":13,"column":8},"end":{"line":15,"column":null}},"3":{"start":{"line":14,"column":2},"end":{"line":14,"column":null}},"4":{"start":{"line":5,"column":0},"end":{"line":5,"column":21}}},"fnMap":{"0":{"name":"(anonymous_0)","decl":{"start":{"line":5,"column":0},"end":{"line":5,"column":21}},"loc":{"start":{"line":5,"column":0},"end":{"line":16,"column":1}}},"1":{"name":"(anonymous_1)","decl":{"start":{"line":9,"column":27},"end":{"line":9,"column":28}},"loc":{"start":{"line":9,"column":60},"end":{"line":11,"column":2}}},"2":{"name":"(anonymous_2)","decl":{"start":{"line":13,"column":27},"end":{"line":13,"column":30}},"loc":{"start":{"line":13,"column":32},"end":{"line":15,"column":2}}}},"branchMap":{},"s":{"0":1,"1":1,"2":1,"3":1,"4":1},"f":{"0":1,"1":1,"2":1},"b":{}}
,"/Users/wxq/github/friday/packages/friday-async/src/axios/index.ts": {"path":"/Users/wxq/github/friday/packages/friday-async/src/axios/index.ts","statementMap":{"0":{"start":{"line":2,"column":0},"end":{"line":2,"column":42}},"1":{"start":{"line":4,"column":0},"end":{"line":4,"column":27}},"2":{"start":{"line":6,"column":13},"end":{"line":6,"column":null}}},"fnMap":{},"branchMap":{},"s":{"0":0,"1":0,"2":0},"f":{},"b":{}}
,"/Users/wxq/github/friday/packages/friday-async/src/useRequest/context.ts": {"path":"/Users/wxq/github/friday/packages/friday-async/src/useRequest/context.ts","statementMap":{"0":{"start":{"line":3,"column":0},"end":{"line":3,"column":37}},"1":{"start":{"line":12,"column":13},"end":{"line":12,"column":null}}},"fnMap":{},"branchMap":{},"s":{"0":1,"1":1},"f":{},"b":{}}
,"/Users/wxq/github/friday/packages/friday-async/src/useRequest/index.ts": {"path":"/Users/wxq/github/friday/packages/friday-async/src/useRequest/index.ts","statementMap":{"0":{"start":{"line":1,"column":0},"end":{"line":1,"column":25}},"1":{"start":{"line":2,"column":0},"end":{"line":2,"column":33}},"2":{"start":{"line":3,"column":0},"end":{"line":3,"column":33}},"3":{"start":{"line":4,"column":0},"end":{"line":4,"column":43}},"4":{"start":{"line":5,"column":0},"end":{"line":5,"column":39}},"5":{"start":{"line":6,"column":0},"end":{"line":6,"column":45}},"6":{"start":{"line":45,"column":41},"end":{"line":45,"column":47}},"7":{"start":{"line":47,"column":22},"end":{"line":47,"column":45}},"8":{"start":{"line":49,"column":21},"end":{"line":49,"column":43}},"9":{"start":{"line":51,"column":1},"end":{"line":53,"column":null}},"10":{"start":{"line":52,"column":2},"end":{"line":52,"column":null}},"11":{"start":{"line":55,"column":1},"end":{"line":57,"column":null}},"12":{"start":{"line":56,"column":2},"end":{"line":56,"column":null}},"13":{"start":{"line":59,"column":1},"end":{"line":59,"column":null}},"14":{"start":{"line":61,"column":1},"end":{"line":61,"column":null}},"15":{"start":{"line":63,"column":1},"end":{"line":65,"column":null}},"16":{"start":{"line":64,"column":2},"end":{"line":64,"column":null}},"17":{"start":{"line":67,"column":1},"end":{"line":69,"column":null}},"18":{"start":{"line":68,"column":2},"end":{"line":68,"column":null}},"19":{"start":{"line":71,"column":1},"end":{"line":73,"column":null}},"20":{"start":{"line":72,"column":2},"end":{"line":72,"column":null}},"21":{"start":{"line":75,"column":1},"end":{"line":75,"column":null}},"22":{"start":{"line":78,"column":0},"end":{"line":78,"column":null}}},"fnMap":{"0":{"name":"useRequest","decl":{"start":{"line":41,"column":9},"end":{"line":41,"column":19}},"loc":{"start":{"line":43,"column":17},"end":{"line":76,"column":1}}}},"branchMap":{"0":{"loc":{"start":{"line":43,"column":15},"end":{"line":43,"column":17}},"type":"default-arg","locations":[{"start":{"line":43,"column":15},"end":{"line":43,"column":17}}]},"1":{"loc":{"start":{"line":51,"column":1},"end":{"line":53,"column":null}},"type":"if","locations":[{"start":{"line":51,"column":1},"end":{"line":53,"column":null}},{"start":{"line":51,"column":1},"end":{"line":53,"column":null}}]},"2":{"loc":{"start":{"line":51,"column":5},"end":{"line":51,"column":39}},"type":"binary-expr","locations":[{"start":{"line":51,"column":5},"end":{"line":51,"column":39}},{"start":{"line":51,"column":43},"end":{"line":51,"column":75}}]},"3":{"loc":{"start":{"line":55,"column":1},"end":{"line":57,"column":null}},"type":"if","locations":[{"start":{"line":55,"column":1},"end":{"line":57,"column":null}},{"start":{"line":55,"column":1},"end":{"line":57,"column":null}}]},"4":{"loc":{"start":{"line":55,"column":5},"end":{"line":55,"column":14}},"type":"binary-expr","locations":[{"start":{"line":55,"column":5},"end":{"line":55,"column":14}},{"start":{"line":55,"column":18},"end":{"line":55,"column":26}},{"start":{"line":55,"column":30},"end":{"line":55,"column":36}}]},"5":{"loc":{"start":{"line":63,"column":1},"end":{"line":65,"column":null}},"type":"if","locations":[{"start":{"line":63,"column":1},"end":{"line":65,"column":null}},{"start":{"line":63,"column":1},"end":{"line":65,"column":null}}]},"6":{"loc":{"start":{"line":67,"column":1},"end":{"line":69,"column":null}},"type":"if","locations":[{"start":{"line":67,"column":1},"end":{"line":69,"column":null}},{"start":{"line":67,"column":1},"end":{"line":69,"column":null}}]},"7":{"loc":{"start":{"line":71,"column":1},"end":{"line":73,"column":null}},"type":"if","locations":[{"start":{"line":71,"column":1},"end":{"line":73,"column":null}},{"start":{"line":71,"column":1},"end":{"line":73,"column":null}}]}},"s":{"0":1,"1":1,"2":1,"3":1,"4":1,"5":1,"6":21,"7":21,"8":21,"9":21,"10":0,"11":21,"12":0,"13":21,"14":21,"15":21,"16":3,"17":18,"18":8,"19":10,"20":4,"21":6,"22":1},"f":{"0":21},"b":{"0":[0],"1":[0,21],"2":[21,21],"3":[0,21],"4":[21,3,0],"5":[3,18],"6":[8,10],"7":[4,6]}}
,"/Users/wxq/github/friday/packages/friday-async/src/useRequest/useAsync.tsx": {"path":"/Users/wxq/github/friday/packages/friday-async/src/useRequest/useAsync.tsx","statementMap":{"0":{"start":{"line":2,"column":0},"end":{"line":2,"column":25}},"1":{"start":{"line":3,"column":0},"end":{"line":3,"column":33}},"2":{"start":{"line":4,"column":0},"end":{"line":4,"column":24}},"3":{"start":{"line":5,"column":0},"end":{"line":5,"column":46}},"4":{"start":{"line":6,"column":0},"end":{"line":6,"column":null}},"5":{"start":{"line":19,"column":23},"end":{"line":22,"column":null}},"6":{"start":{"line":30,"column":23},"end":{"line":30,"column":53}},"7":{"start":{"line":32,"column":20},"end":{"line":32,"column":47}},"8":{"start":{"line":34,"column":1},"end":{"line":34,"column":null}},"9":{"start":{"line":36,"column":22},"end":{"line":36,"column":58}},"10":{"start":{"line":38,"column":23},"end":{"line":42,"column":null}},"11":{"start":{"line":45,"column":1},"end":{"line":48,"column":null}},"12":{"start":{"line":50,"column":27},"end":{"line":65,"column":null}},"13":{"start":{"line":54,"column":3},"end":{"line":63,"column":null}},"14":{"start":{"line":55,"column":33},"end":{"line":55,"column":68}},"15":{"start":{"line":56,"column":4},"end":{"line":62,"column":null}},"16":{"start":{"line":67,"column":19},"end":{"line":67,"column":50}},"17":{"start":{"line":69,"column":1},"end":{"line":69,"column":null}},"18":{"start":{"line":71,"column":22},"end":{"line":81,"column":3}},"19":{"start":{"line":72,"column":2},"end":{"line":72,"column":null}},"20":{"start":{"line":72,"column":27},"end":{"line":72,"column":null}},"21":{"start":{"line":73,"column":2},"end":{"line":77,"column":null}},"22":{"start":{"line":74,"column":3},"end":{"line":74,"column":null}},"23":{"start":{"line":76,"column":3},"end":{"line":76,"column":null}},"24":{"start":{"line":83,"column":1},"end":{"line":85,"column":null}},"25":{"start":{"line":84,"column":2},"end":{"line":84,"column":null}},"26":{"start":{"line":87,"column":18},"end":{"line":87,"column":73}},"27":{"start":{"line":89,"column":30},"end":{"line":91,"column":21}},"28":{"start":{"line":90,"column":2},"end":{"line":90,"column":null}},"29":{"start":{"line":93,"column":1},"end":{"line":97,"column":null}},"30":{"start":{"line":100,"column":0},"end":{"line":100,"column":null}}},"fnMap":{"0":{"name":"useAsync","decl":{"start":{"line":28,"column":9},"end":{"line":28,"column":17}},"loc":{"start":{"line":28,"column":88},"end":{"line":98,"column":1}}},"1":{"name":"(anonymous_2)","decl":{"start":{"line":53,"column":13},"end":{"line":53,"column":14}},"loc":{"start":{"line":53,"column":35},"end":{"line":64,"column":3}}},"2":{"name":"(anonymous_3)","decl":{"start":{"line":71,"column":36},"end":{"line":71,"column":39}},"loc":{"start":{"line":71,"column":41},"end":{"line":78,"column":2}}},"3":{"name":"(anonymous_4)","decl":{"start":{"line":89,"column":44},"end":{"line":89,"column":47}},"loc":{"start":{"line":89,"column":49},"end":{"line":91,"column":3}}}},"branchMap":{"0":{"loc":{"start":{"line":42,"column":2},"end":{"line":42,"column":8}},"type":"binary-expr","locations":[{"start":{"line":42,"column":2},"end":{"line":42,"column":8}},{"start":{"line":42,"column":12},"end":{"line":42,"column":14}}]},"1":{"loc":{"start":{"line":54,"column":3},"end":{"line":63,"column":null}},"type":"if","locations":[{"start":{"line":54,"column":3},"end":{"line":63,"column":null}},{"start":{"line":54,"column":3},"end":{"line":63,"column":null}}]},"2":{"loc":{"start":{"line":54,"column":20},"end":{"line":54,"column":22}},"type":"cond-expr","locations":[{"start":{"line":54,"column":20},"end":{"line":54,"column":22}},{"start":{"line":54,"column":7},"end":{"line":54,"column":31}}]},"3":{"loc":{"start":{"line":54,"column":7},"end":{"line":54,"column":22}},"type":"binary-expr","locations":[{"start":{"line":54,"column":7},"end":{"line":54,"column":22}},{"start":{"line":54,"column":7},"end":{"line":54,"column":22}}]},"4":{"loc":{"start":{"line":72,"column":2},"end":{"line":72,"column":null}},"type":"if","locations":[{"start":{"line":72,"column":2},"end":{"line":72,"column":null}},{"start":{"line":72,"column":2},"end":{"line":72,"column":null}}]},"5":{"loc":{"start":{"line":83,"column":1},"end":{"line":85,"column":null}},"type":"if","locations":[{"start":{"line":83,"column":1},"end":{"line":85,"column":null}},{"start":{"line":83,"column":1},"end":{"line":85,"column":null}}]},"6":{"loc":{"start":{"line":90,"column":47},"end":{"line":90,"column":49}},"type":"cond-expr","locations":[{"start":{"line":90,"column":47},"end":{"line":90,"column":49}},{"start":{"line":90,"column":39},"end":{"line":90,"column":53}}]},"7":{"loc":{"start":{"line":90,"column":39},"end":{"line":90,"column":49}},"type":"binary-expr","locations":[{"start":{"line":90,"column":39},"end":{"line":90,"column":49}},{"start":{"line":90,"column":39},"end":{"line":90,"column":49}}]}},"s":{"0":1,"1":1,"2":1,"3":1,"4":1,"5":1,"6":21,"7":21,"8":21,"9":21,"10":21,"11":21,"12":21,"13":6,"14":1,"15":1,"16":21,"17":21,"18":21,"19":21,"20":0,"21":21,"22":21,"23":0,"24":21,"25":0,"26":21,"27":21,"28":12,"29":21,"30":1},"f":{"0":21,"1":6,"2":21,"3":12},"b":{"0":[21,0],"1":[1,5],"2":[0,6],"3":[6,6],"4":[0,21],"5":[0,21],"6":[0,12],"7":[12,12]}}
,"/Users/wxq/github/friday/packages/friday-async/src/useRequest/useLoadMore.tsx": {"path":"/Users/wxq/github/friday/packages/friday-async/src/useRequest/useLoadMore.tsx","statementMap":{"0":{"start":{"line":2,"column":0},"end":{"line":2,"column":25}},"1":{"start":{"line":3,"column":0},"end":{"line":3,"column":43}},"2":{"start":{"line":16,"column":45},"end":{"line":16,"column":75}},"3":{"start":{"line":18,"column":25},"end":{"line":18,"column":51}},"4":{"start":{"line":20,"column":1},"end":{"line":26,"column":null}},"5":{"start":{"line":21,"column":2},"end":{"line":25,"column":null}},"6":{"start":{"line":22,"column":3},"end":{"line":22,"column":null}},"7":{"start":{"line":24,"column":3},"end":{"line":24,"column":null}},"8":{"start":{"line":28,"column":1},"end":{"line":33,"column":null}},"9":{"start":{"line":37,"column":0},"end":{"line":37,"column":null}}},"fnMap":{"0":{"name":"useLoadMore","decl":{"start":{"line":11,"column":9},"end":{"line":11,"column":20}},"loc":{"start":{"line":13,"column":46},"end":{"line":34,"column":1}}},"1":{"name":"(anonymous_2)","decl":{"start":{"line":20,"column":17},"end":{"line":20,"column":20}},"loc":{"start":{"line":20,"column":22},"end":{"line":26,"column":2}}}},"branchMap":{"0":{"loc":{"start":{"line":21,"column":2},"end":{"line":25,"column":null}},"type":"if","locations":[{"start":{"line":21,"column":2},"end":{"line":25,"column":null}},{"start":{"line":21,"column":2},"end":{"line":25,"column":null}}]},"1":{"loc":{"start":{"line":21,"column":12},"end":{"line":21,"column":14}},"type":"cond-expr","locations":[{"start":{"line":21,"column":12},"end":{"line":21,"column":14}},{"start":{"line":21,"column":6},"end":{"line":21,"column":18}}]},"2":{"loc":{"start":{"line":21,"column":6},"end":{"line":21,"column":14}},"type":"binary-expr","locations":[{"start":{"line":21,"column":6},"end":{"line":21,"column":14}},{"start":{"line":21,"column":6},"end":{"line":21,"column":14}}]}},"s":{"0":1,"1":1,"2":8,"3":8,"4":8,"5":4,"6":2,"7":2,"8":8,"9":1},"f":{"0":8,"1":4},"b":{"0":[2,2],"1":[0,4],"2":[4,4]}}
,"/Users/wxq/github/friday/packages/friday-async/src/useRequest/useManalAsync.ts": {"path":"/Users/wxq/github/friday/packages/friday-async/src/useRequest/useManalAsync.ts","statementMap":{"0":{"start":{"line":1,"column":0},"end":{"line":1,"column":25}},"1":{"start":{"line":2,"column":0},"end":{"line":2,"column":33}},"2":{"start":{"line":3,"column":0},"end":{"line":3,"column":33}},"3":{"start":{"line":16,"column":19},"end":{"line":16,"column":37}},"4":{"start":{"line":18,"column":18},"end":{"line":18,"column":46}},"5":{"start":{"line":20,"column":19},"end":{"line":20,"column":40}},"6":{"start":{"line":23,"column":23},"end":{"line":23,"column":68}},"7":{"start":{"line":25,"column":21},"end":{"line":32,"column":3}},"8":{"start":{"line":28,"column":2},"end":{"line":28,"column":null}},"9":{"start":{"line":34,"column":16},"end":{"line":36,"column":7}},"10":{"start":{"line":35,"column":2},"end":{"line":35,"column":null}},"11":{"start":{"line":38,"column":1},"end":{"line":40,"column":null}},"12":{"start":{"line":39,"column":2},"end":{"line":39,"column":null}},"13":{"start":{"line":42,"column":25},"end":{"line":55,"column":null}},"14":{"start":{"line":45,"column":3},"end":{"line":45,"column":null}},"15":{"start":{"line":46,"column":3},"end":{"line":46,"column":null}},"16":{"start":{"line":49,"column":3},"end":{"line":49,"column":null}},"17":{"start":{"line":50,"column":3},"end":{"line":50,"column":null}},"18":{"start":{"line":53,"column":3},"end":{"line":53,"column":null}},"19":{"start":{"line":57,"column":18},"end":{"line":57,"column":51}},"20":{"start":{"line":59,"column":13},"end":{"line":64,"column":2}},"21":{"start":{"line":60,"column":2},"end":{"line":60,"column":null}},"22":{"start":{"line":61,"column":2},"end":{"line":61,"column":null}},"23":{"start":{"line":62,"column":2},"end":{"line":62,"column":null}},"24":{"start":{"line":63,"column":2},"end":{"line":63,"column":null}},"25":{"start":{"line":66,"column":1},"end":{"line":69,"column":null}},"26":{"start":{"line":72,"column":0},"end":{"line":72,"column":null}}},"fnMap":{"0":{"name":"useManalRequest","decl":{"start":{"line":11,"column":9},"end":{"line":11,"column":24}},"loc":{"start":{"line":13,"column":36},"end":{"line":70,"column":1}}},"1":{"name":"(anonymous_2)","decl":{"start":{"line":25,"column":35},"end":{"line":25,"column":38}},"loc":{"start":{"line":25,"column":40},"end":{"line":29,"column":2}}},"2":{"name":"(anonymous_3)","decl":{"start":{"line":34,"column":34},"end":{"line":34,"column":37}},"loc":{"start":{"line":34,"column":39},"end":{"line":36,"column":2}}},"3":{"name":"(anonymous_4)","decl":{"start":{"line":44,"column":13},"end":{"line":44,"column":14}},"loc":{"start":{"line":44,"column":24},"end":{"line":47,"column":3}}},"4":{"name":"(anonymous_5)","decl":{"start":{"line":48,"column":11},"end":{"line":48,"column":12}},"loc":{"start":{"line":48,"column":22},"end":{"line":51,"column":3}}},"5":{"name":"(anonymous_6)","decl":{"start":{"line":52,"column":2},"end":{"line":52,"column":10}},"loc":{"start":{"line":52,"column":10},"end":{"line":54,"column":3}}},"6":{"name":"(anonymous_7)","decl":{"start":{"line":59,"column":13},"end":{"line":59,"column":14}},"loc":{"start":{"line":59,"column":24},"end":{"line":64,"column":2}}}},"branchMap":{"0":{"loc":{"start":{"line":38,"column":1},"end":{"line":40,"column":null}},"type":"if","locations":[{"start":{"line":38,"column":1},"end":{"line":40,"column":null}},{"start":{"line":38,"column":1},"end":{"line":40,"column":null}}]},"1":{"loc":{"start":{"line":46,"column":3},"end":{"line":46,"column":19}},"type":"binary-expr","locations":[{"start":{"line":46,"column":3},"end":{"line":46,"column":19}},{"start":{"line":46,"column":24},"end":{"line":46,"column":56}}]},"2":{"loc":{"start":{"line":50,"column":3},"end":{"line":50,"column":17}},"type":"binary-expr","locations":[{"start":{"line":50,"column":3},"end":{"line":50,"column":17}},{"start":{"line":50,"column":22},"end":{"line":50,"column":52}}]}},"s":{"0":1,"1":1,"2":1,"3":4,"4":4,"5":4,"6":4,"7":4,"8":2,"9":4,"10":1,"11":4,"12":0,"13":4,"14":1,"15":1,"16":0,"17":0,"18":2,"19":4,"20":4,"21":1,"22":1,"23":1,"24":1,"25":4,"26":1},"f":{"0":4,"1":2,"2":1,"3":1,"4":0,"5":2,"6":1},"b":{"0":[0,4],"1":[1,1],"2":[0,0]}}
,"/Users/wxq/github/friday/packages/friday-async/src/useRequest/usePagination.tsx": {"path":"/Users/wxq/github/friday/packages/friday-async/src/useRequest/usePagination.tsx","statementMap":{"0":{"start":{"line":2,"column":0},"end":{"line":2,"column":25}},"1":{"start":{"line":3,"column":0},"end":{"line":3,"column":33}},"2":{"start":{"line":4,"column":0},"end":{"line":4,"column":90}},"3":{"start":{"line":13,"column":24},"end":{"line":13,"column":63}},"4":{"start":{"line":20,"column":34},"end":{"line":20,"column":40}},"5":{"start":{"line":22,"column":18},"end":{"line":22,"column":46}},"6":{"start":{"line":24,"column":23},"end":{"line":27,"column":3}},"7":{"start":{"line":29,"column":20},"end":{"line":29,"column":41}},"8":{"start":{"line":32,"column":23},"end":{"line":32,"column":73}},"9":{"start":{"line":34,"column":1},"end":{"line":34,"column":null}},"10":{"start":{"line":37,"column":1},"end":{"line":39,"column":null}},"11":{"start":{"line":38,"column":2},"end":{"line":38,"column":null}},"12":{"start":{"line":41,"column":23},"end":{"line":41,"column":64}},"13":{"start":{"line":43,"column":27},"end":{"line":43,"column":83}},"14":{"start":{"line":47,"column":40},"end":{"line":47,"column":129}},"15":{"start":{"line":49,"column":20},"end":{"line":53,"column":2}},"16":{"start":{"line":50,"column":2},"end":{"line":50,"column":42}},"17":{"start":{"line":50,"column":36},"end":{"line":50,"column":42}},"18":{"start":{"line":51,"column":2},"end":{"line":51,"column":null}},"19":{"start":{"line":52,"column":2},"end":{"line":52,"column":null}},"20":{"start":{"line":55,"column":36},"end":{"line":84,"column":3}},"21":{"start":{"line":56,"column":21},"end":{"line":69,"column":null}},"22":{"start":{"line":62,"column":4},"end":{"line":62,"column":null}},"23":{"start":{"line":63,"column":4},"end":{"line":63,"column":null}},"24":{"start":{"line":67,"column":4},"end":{"line":67,"column":null}},"25":{"start":{"line":70,"column":2},"end":{"line":77,"column":null}},"26":{"start":{"line":86,"column":1},"end":{"line":92,"column":null}},"27":{"start":{"line":96,"column":0},"end":{"line":96,"column":null}}},"fnMap":{"0":{"name":"usePagination","decl":{"start":{"line":15,"column":9},"end":{"line":15,"column":22}},"loc":{"start":{"line":17,"column":48},"end":{"line":93,"column":1}}},"1":{"name":"(anonymous_2)","decl":{"start":{"line":49,"column":20},"end":{"line":49,"column":23}},"loc":{"start":{"line":49,"column":25},"end":{"line":53,"column":2}}},"2":{"name":"(anonymous_3)","decl":{"start":{"line":55,"column":50},"end":{"line":55,"column":53}},"loc":{"start":{"line":55,"column":55},"end":{"line":78,"column":2}}},"3":{"name":"(anonymous_4)","decl":{"start":{"line":61,"column":13},"end":{"line":61,"column":14}},"loc":{"start":{"line":61,"column":22},"end":{"line":64,"column":4}}},"4":{"name":"(anonymous_5)","decl":{"start":{"line":66,"column":3},"end":{"line":66,"column":19}},"loc":{"start":{"line":66,"column":37},"end":{"line":68,"column":4}}}},"branchMap":{"0":{"loc":{"start":{"line":20,"column":27},"end":{"line":20,"column":29}},"type":"default-arg","locations":[{"start":{"line":20,"column":27},"end":{"line":20,"column":29}}]},"1":{"loc":{"start":{"line":37,"column":1},"end":{"line":39,"column":null}},"type":"if","locations":[{"start":{"line":37,"column":1},"end":{"line":39,"column":null}},{"start":{"line":37,"column":1},"end":{"line":39,"column":null}}]},"2":{"loc":{"start":{"line":50,"column":2},"end":{"line":50,"column":42}},"type":"if","locations":[{"start":{"line":50,"column":2},"end":{"line":50,"column":42}},{"start":{"line":50,"column":2},"end":{"line":50,"column":42}}]},"3":{"loc":{"start":{"line":50,"column":6},"end":{"line":50,"column":14}},"type":"binary-expr","locations":[{"start":{"line":50,"column":6},"end":{"line":50,"column":14}},{"start":{"line":50,"column":18},"end":{"line":50,"column":34}}]},"4":{"loc":{"start":{"line":65,"column":11},"end":{"line":65,"column":61}},"type":"binary-expr","locations":[{"start":{"line":65,"column":11},"end":{"line":65,"column":61}},{"start":{"line":65,"column":65},"end":{"line":65,"column":66}}]}},"s":{"0":1,"1":1,"2":1,"3":1,"4":11,"5":11,"6":11,"7":11,"8":11,"9":11,"10":11,"11":0,"12":11,"13":11,"14":11,"15":11,"16":1,"17":0,"18":1,"19":1,"20":11,"21":9,"22":0,"23":0,"24":0,"25":9,"26":11,"27":1},"f":{"0":11,"1":1,"2":9,"3":0,"4":0},"b":{"0":[11],"1":[0,11],"2":[0,1],"3":[1,1],"4":[9,9]}}
,"/Users/wxq/github/friday/packages/friday-async/src/useRequest/utils.ts": {"path":"/Users/wxq/github/friday/packages/friday-async/src/useRequest/utils.ts","statementMap":{"0":{"start":{"line":2,"column":0},"end":{"line":2,"column":29}},"1":{"start":{"line":3,"column":0},"end":{"line":3,"column":33}},"2":{"start":{"line":4,"column":0},"end":{"line":4,"column":71}},"3":{"start":{"line":7,"column":37},"end":{"line":18,"column":1}},"4":{"start":{"line":10,"column":1},"end":{"line":12,"column":null}},"5":{"start":{"line":11,"column":2},"end":{"line":11,"column":null}},"6":{"start":{"line":13,"column":1},"end":{"line":15,"column":null}},"7":{"start":{"line":14,"column":2},"end":{"line":14,"column":null}},"8":{"start":{"line":17,"column":1},"end":{"line":17,"column":null}},"9":{"start":{"line":7,"column":13},"end":{"line":7,"column":37}},"10":{"start":{"line":20,"column":37},"end":{"line":26,"column":1}},"11":{"start":{"line":21,"column":26},"end":{"line":21,"column":54}},"12":{"start":{"line":23,"column":26},"end":{"line":23,"column":54}},"13":{"start":{"line":25,"column":1},"end":{"line":25,"column":null}},"14":{"start":{"line":20,"column":13},"end":{"line":20,"column":37}},"15":{"start":{"line":28,"column":32},"end":{"line":37,"column":1}},"16":{"start":{"line":30,"column":23},"end":{"line":30,"column":53}},"17":{"start":{"line":32,"column":1},"end":{"line":32,"column":null}},"18":{"start":{"line":32,"column":29},"end":{"line":32,"column":null}},"19":{"start":{"line":34,"column":19},"end":{"line":34,"column":68}},"20":{"start":{"line":36,"column":1},"end":{"line":36,"column":null}},"21":{"start":{"line":28,"column":13},"end":{"line":28,"column":32}},"22":{"start":{"line":39,"column":34},"end":{"line":60,"column":1}},"23":{"start":{"line":43,"column":1},"end":{"line":43,"column":null}},"24":{"start":{"line":43,"column":19},"end":{"line":43,"column":null}},"25":{"start":{"line":45,"column":1},"end":{"line":47,"column":null}},"26":{"start":{"line":46,"column":2},"end":{"line":46,"column":null}},"27":{"start":{"line":49,"column":16},"end":{"line":49,"column":39}},"28":{"start":{"line":51,"column":20},"end":{"line":51,"column":55}},"29":{"start":{"line":53,"column":1},"end":{"line":59,"column":null}},"30":{"start":{"line":39,"column":13},"end":{"line":39,"column":34}},"31":{"start":{"line":62,"column":18},"end":{"line":68,"column":1}},"32":{"start":{"line":63,"column":1},"end":{"line":65,"column":null}},"33":{"start":{"line":64,"column":2},"end":{"line":64,"column":null}},"34":{"start":{"line":70,"column":39},"end":{"line":91,"column":1}},"35":{"start":{"line":72,"column":1},"end":{"line":79,"column":null}},"36":{"start":{"line":78,"column":2},"end":{"line":78,"column":null}},"37":{"start":{"line":81,"column":22},"end":{"line":81,"column":79}},"38":{"start":{"line":82,"column":23},"end":{"line":82,"column":81}},"39":{"start":{"line":84,"column":1},"end":{"line":90,"column":null}},"40":{"start":{"line":70,"column":13},"end":{"line":70,"column":39}},"41":{"start":{"line":96,"column":30},"end":{"line":115,"column":1}},"42":{"start":{"line":98,"column":1},"end":{"line":98,"column":null}},"43":{"start":{"line":98,"column":15},"end":{"line":98,"column":null}},"44":{"start":{"line":100,"column":1},"end":{"line":114,"column":null}},"45":{"start":{"line":102,"column":2},"end":{"line":107,"column":null}},"46":{"start":{"line":103,"column":3},"end":{"line":103,"column":null}},"47":{"start":{"line":106,"column":3},"end":{"line":106,"column":null}},"48":{"start":{"line":109,"column":2},"end":{"line":111,"column":null}},"49":{"start":{"line":110,"column":3},"end":{"line":110,"column":null}},"50":{"start":{"line":112,"column":2},"end":{"line":112,"column":null}},"51":{"start":{"line":96,"column":13},"end":{"line":96,"column":30}},"52":{"start":{"line":117,"column":25},"end":{"line":125,"column":1}},"53":{"start":{"line":118,"column":1},"end":{"line":118,"column":null}},"54":{"start":{"line":118,"column":21},"end":{"line":118,"column":null}},"55":{"start":{"line":120,"column":1},"end":{"line":124,"column":null}},"56":{"start":{"line":117,"column":13},"end":{"line":117,"column":25}}},"fnMap":{"0":{"name":"(anonymous_1)","decl":{"start":{"line":7,"column":37},"end":{"line":7,"column":null}},"loc":{"start":{"line":9,"column":33},"end":{"line":18,"column":1}}},"1":{"name":"(anonymous_2)","decl":{"start":{"line":20,"column":37},"end":{"line":20,"column":38}},"loc":{"start":{"line":20,"column":64},"end":{"line":26,"column":1}}},"2":{"name":"(anonymous_3)","decl":{"start":{"line":28,"column":32},"end":{"line":28,"column":47}},"loc":{"start":{"line":28,"column":87},"end":{"line":37,"column":1}}},"3":{"name":"(anonymous_4)","decl":{"start":{"line":39,"column":34},"end":{"line":39,"column":null}},"loc":{"start":{"line":42,"column":33},"end":{"line":60,"column":1}}},"4":{"name":"(anonymous_5)","decl":{"start":{"line":62,"column":18},"end":{"line":62,"column":22}},"loc":{"start":{"line":62,"column":70},"end":{"line":68,"column":1}}},"5":{"name":"(anonymous_6)","decl":{"start":{"line":70,"column":39},"end":{"line":70,"column":46}},"loc":{"start":{"line":70,"column":107},"end":{"line":91,"column":1}}},"6":{"name":"(anonymous_7)","decl":{"start":{"line":96,"column":30},"end":{"line":96,"column":31}},"loc":{"start":{"line":96,"column":42},"end":{"line":115,"column":1}}},"7":{"name":"(anonymous_8)","decl":{"start":{"line":100,"column":8},"end":{"line":100,"column":15}},"loc":{"start":{"line":100,"column":53},"end":{"line":114,"column":2}}},"8":{"name":"(anonymous_9)","decl":{"start":{"line":117,"column":25},"end":{"line":117,"column":34}},"loc":{"start":{"line":117,"column":51},"end":{"line":125,"column":1}}}},"branchMap":{"0":{"loc":{"start":{"line":10,"column":1},"end":{"line":12,"column":null}},"type":"if","locations":[{"start":{"line":10,"column":1},"end":{"line":12,"column":null}},{"start":{"line":10,"column":1},"end":{"line":12,"column":null}}]},"1":{"loc":{"start":{"line":13,"column":1},"end":{"line":15,"column":null}},"type":"if","locations":[{"start":{"line":13,"column":1},"end":{"line":15,"column":null}},{"start":{"line":13,"column":1},"end":{"line":15,"column":null}}]},"2":{"loc":{"start":{"line":32,"column":1},"end":{"line":32,"column":null}},"type":"if","locations":[{"start":{"line":32,"column":1},"end":{"line":32,"column":null}},{"start":{"line":32,"column":1},"end":{"line":32,"column":null}}]},"3":{"loc":{"start":{"line":34,"column":51},"end":{"line":34,"column":59}},"type":"cond-expr","locations":[{"start":{"line":34,"column":51},"end":{"line":34,"column":59}},{"start":{"line":34,"column":62},"end":{"line":34,"column":68}}]},"4":{"loc":{"start":{"line":43,"column":1},"end":{"line":43,"column":null}},"type":"if","locations":[{"start":{"line":43,"column":1},"end":{"line":43,"column":null}},{"start":{"line":43,"column":1},"end":{"line":43,"column":null}}]},"5":{"loc":{"start":{"line":45,"column":1},"end":{"line":47,"column":null}},"type":"if","locations":[{"start":{"line":45,"column":1},"end":{"line":47,"column":null}},{"start":{"line":45,"column":1},"end":{"line":47,"column":null}}]},"6":{"loc":{"start":{"line":45,"column":5},"end":{"line":45,"column":22}},"type":"binary-expr","locations":[{"start":{"line":45,"column":5},"end":{"line":45,"column":22}},{"start":{"line":45,"column":26},"end":{"line":45,"column":50}}]},"7":{"loc":{"start":{"line":51,"column":38},"end":{"line":51,"column":46}},"type":"cond-expr","locations":[{"start":{"line":51,"column":38},"end":{"line":51,"column":46}},{"start":{"line":51,"column":49},"end":{"line":51,"column":55}}]},"8":{"loc":{"start":{"line":63,"column":1},"end":{"line":65,"column":null}},"type":"if","locations":[{"start":{"line":63,"column":1},"end":{"line":65,"column":null}},{"start":{"line":63,"column":1},"end":{"line":65,"column":null}}]},"9":{"loc":{"start":{"line":63,"column":49},"end":{"line":63,"column":51}},"type":"cond-expr","locations":[{"start":{"line":63,"column":49},"end":{"line":63,"column":51}},{"start":{"line":63,"column":36},"end":{"line":63,"column":55}}]},"10":{"loc":{"start":{"line":63,"column":36},"end":{"line":63,"column":51}},"type":"binary-expr","locations":[{"start":{"line":63,"column":36},"end":{"line":63,"column":51}},{"start":{"line":63,"column":36},"end":{"line":63,"column":51}}]},"11":{"loc":{"start":{"line":70,"column":98},"end":{"line":70,"column":103}},"type":"default-arg","locations":[{"start":{"line":70,"column":98},"end":{"line":70,"column":103}}]},"12":{"loc":{"start":{"line":72,"column":1},"end":{"line":79,"column":null}},"type":"if","locations":[{"start":{"line":72,"column":1},"end":{"line":79,"column":null}},{"start":{"line":72,"column":1},"end":{"line":79,"column":null}}]},"13":{"loc":{"start":{"line":73,"column":2},"end":{"line":73,"column":29}},"type":"binary-expr","locations":[{"start":{"line":73,"column":2},"end":{"line":73,"column":29}},{"start":{"line":76,"column":2},"end":{"line":76,"column":9}}]},"14":{"loc":{"start":{"line":85,"column":25},"end":{"line":85,"column":38}},"type":"cond-expr","locations":[{"start":{"line":85,"column":25},"end":{"line":85,"column":38}},{"start":{"line":85,"column":40},"end":{"line":85,"column":44}}]},"15":{"loc":{"start":{"line":98,"column":1},"end":{"line":98,"column":null}},"type":"if","locations":[{"start":{"line":98,"column":1},"end":{"line":98,"column":null}},{"start":{"line":98,"column":1},"end":{"line":98,"column":null}}]},"16":{"loc":{"start":{"line":109,"column":2},"end":{"line":111,"column":null}},"type":"if","locations":[{"start":{"line":109,"column":2},"end":{"line":111,"column":null}},{"start":{"line":109,"column":2},"end":{"line":111,"column":null}}]},"17":{"loc":{"start":{"line":118,"column":1},"end":{"line":118,"column":null}},"type":"if","locations":[{"start":{"line":118,"column":1},"end":{"line":118,"column":null}},{"start":{"line":118,"column":1},"end":{"line":118,"column":null}}]},"18":{"loc":{"start":{"line":121,"column":2},"end":{"line":121,"column":23}},"type":"binary-expr","locations":[{"start":{"line":121,"column":2},"end":{"line":121,"column":23}},{"start":{"line":122,"column":2},"end":{"line":122,"column":21}},{"start":{"line":123,"column":2},"end":{"line":123,"column":4}}]},"19":{"loc":{"start":{"line":121,"column":15},"end":{"line":121,"column":17}},"type":"cond-expr","locations":[{"start":{"line":121,"column":15},"end":{"line":121,"column":17}},{"start":{"line":121,"column":2},"end":{"line":121,"column":23}}]},"20":{"loc":{"start":{"line":121,"column":2},"end":{"line":121,"column":17}},"type":"binary-expr","locations":[{"start":{"line":121,"column":2},"end":{"line":121,"column":17}},{"start":{"line":121,"column":2},"end":{"line":121,"column":17}}]},"21":{"loc":{"start":{"line":122,"column":15},"end":{"line":122,"column":17}},"type":"cond-expr","locations":[{"start":{"line":122,"column":15},"end":{"line":122,"column":17}},{"start":{"line":122,"column":2},"end":{"line":122,"column":21}}]},"22":{"loc":{"start":{"line":122,"column":2},"end":{"line":122,"column":17}},"type":"binary-expr","locations":[{"start":{"line":122,"column":2},"end":{"line":122,"column":17}},{"start":{"line":122,"column":2},"end":{"line":122,"column":17}}]}},"s":{"0":2,"1":2,"2":2,"3":2,"4":65,"5":12,"6":53,"7":51,"8":2,"9":2,"10":2,"11":14,"12":14,"13":14,"14":2,"15":2,"16":30,"17":30,"18":1,"19":29,"20":29,"21":2,"22":2,"23":16,"24":2,"25":14,"26":1,"27":13,"28":13,"29":13,"30":2,"31":2,"32":34,"33":25,"34":2,"35":19,"36":2,"37":17,"38":17,"39":17,"40":2,"41":2,"42":24,"43":1,"44":23,"45":8,"46":8,"47":1,"48":8,"49":1,"50":7,"51":2,"52":2,"53":22,"54":0,"55":22,"56":2},"f":{"0":65,"1":14,"2":30,"3":16,"4":34,"5":19,"6":24,"7":8,"8":22},"b":{"0":[12,53],"1":[51,2],"2":[1,29],"3":[28,1],"4":[2,14],"5":[1,13],"6":[14,13],"7":[12,1],"8":[25,9],"9":[14,20],"10":[34,34],"11":[17],"12":[2,17],"13":[19,3],"14":[1,16],"15":[1,23],"16":[1,7],"17":[0,22],"18":[22,3,0],"19":[0,22],"20":[22,22],"21":[0,3],"22":[3,3]}}
,"/Users/wxq/github/friday/packages/friday-core/src/create.service.tsx": {"path":"/Users/wxq/github/friday/packages/friday-core/src/create.service.tsx","statementMap":{"0":{"start":{"line":1,"column":0},"end":{"line":1,"column":25}},"1":{"start":{"line":2,"column":0},"end":{"line":2,"column":33}},"2":{"start":{"line":3,"column":0},"end":{"line":3,"column":43}},"3":{"start":{"line":4,"column":0},"end":{"line":4,"column":36}},"4":{"start":{"line":5,"column":0},"end":{"line":5,"column":39}},"5":{"start":{"line":6,"column":0},"end":{"line":6,"column":61}},"6":{"start":{"line":8,"column":0},"end":{"line":8,"column":61}},"7":{"start":{"line":9,"column":0},"end":{"line":9,"column":70}},"8":{"start":{"line":15,"column":2},"end":{"line":15,"column":null}},"9":{"start":{"line":19,"column":8},"end":{"line":29,"column":null}},"10":{"start":{"line":20,"column":56},"end":{"line":20,"column":69}},"11":{"start":{"line":22,"column":2},"end":{"line":22,"column":null}},"12":{"start":{"line":24,"column":24},"end":{"line":24,"column":81}},"13":{"start":{"line":26,"column":2},"end":{"line":26,"column":null}},"14":{"start":{"line":28,"column":2},"end":{"line":28,"column":null}},"15":{"start":{"line":31,"column":8},"end":{"line":35,"column":null}},"16":{"start":{"line":32,"column":2},"end":{"line":32,"column":null}},"17":{"start":{"line":34,"column":2},"end":{"line":34,"column":null}},"18":{"start":{"line":37,"column":8},"end":{"line":50,"column":null}},"19":{"start":{"line":38,"column":34},"end":{"line":38,"column":47}},"20":{"start":{"line":40,"column":2},"end":{"line":43,"column":null}},"21":{"start":{"line":45,"column":2},"end":{"line":45,"column":null}},"22":{"start":{"line":47,"column":24},"end":{"line":47,"column":63}},"23":{"start":{"line":49,"column":2},"end":{"line":49,"column":null}},"24":{"start":{"line":52,"column":8},"end":{"line":83,"column":null}},"25":{"start":{"line":53,"column":2},"end":{"line":56,"column":null}},"26":{"start":{"line":58,"column":2},"end":{"line":61,"column":null}},"27":{"start":{"line":63,"column":2},"end":{"line":66,"column":null}},"28":{"start":{"line":69,"column":24},"end":{"line":69,"column":47}},"29":{"start":{"line":71,"column":24},"end":{"line":71,"column":67}},"30":{"start":{"line":73,"column":2},"end":{"line":73,"column":null}},"31":{"start":{"line":75,"column":2},"end":{"line":75,"column":null}},"32":{"start":{"line":77,"column":24},"end":{"line":77,"column":37}},"33":{"start":{"line":79,"column":2},"end":{"line":79,"column":null}},"34":{"start":{"line":82,"column":2},"end":{"line":82,"column":null}},"35":{"start":{"line":16,"column":2},"end":{"line":16,"column":null}},"36":{"start":{"line":86,"column":24},"end":{"line":86,"column":63}},"37":{"start":{"line":88,"column":19},"end":{"line":100,"column":4}},"38":{"start":{"line":92,"column":4},"end":{"line":97,"column":6}},"39":{"start":{"line":103,"column":2},"end":{"line":103,"column":null}},"40":{"start":{"line":103,"column":24},"end":{"line":103,"column":51}},"41":{"start":{"line":11,"column":0},"end":{"line":11,"column":21}}},"fnMap":{"0":{"name":"(anonymous_1)","decl":{"start":{"line":14,"column":1},"end":{"line":14,"column":13}},"loc":{"start":{"line":14,"column":45},"end":{"line":17,"column":2}}},"1":{"name":"(anonymous_2)","decl":{"start":{"line":19,"column":31},"end":{"line":19,"column":32}},"loc":{"start":{"line":19,"column":68},"end":{"line":29,"column":2}}},"2":{"name":"(anonymous_3)","decl":{"start":{"line":31,"column":14},"end":{"line":31,"column":15}},"loc":{"start":{"line":31,"column":42},"end":{"line":35,"column":2}}},"3":{"name":"(anonymous_4)","decl":{"start":{"line":37,"column":24},"end":{"line":37,"column":25}},"loc":{"start":{"line":37,"column":58},"end":{"line":50,"column":2}}},"4":{"name":"(anonymous_5)","decl":{"start":{"line":52,"column":16},"end":{"line":52,"column":17}},"loc":{"start":{"line":52,"column":38},"end":{"line":83,"column":2}}},"5":{"name":"(anonymous_6)","decl":{"start":{"line":85,"column":9},"end":{"line":85,"column":25}},"loc":{"start":{"line":85,"column":25},"end":{"line":104,"column":2}}},"6":{"name":"(anonymous_7)","decl":{"start":{"line":90,"column":8},"end":{"line":90,"column":9}},"loc":{"start":{"line":92,"column":4},"end":{"line":97,"column":6}}},"7":{"name":"(anonymous_8)","decl":{"start":{"line":103,"column":9},"end":{"line":103,"column":10}},"loc":{"start":{"line":103,"column":24},"end":{"line":103,"column":51}}}},"branchMap":{"0":{"loc":{"start":{"line":14,"column":32},"end":{"line":14,"column":45}},"type":"default-arg","locations":[{"start":{"line":14,"column":32},"end":{"line":14,"column":45}}]},"1":{"loc":{"start":{"line":22,"column":2},"end":{"line":22,"column":34}},"type":"binary-expr","locations":[{"start":{"line":22,"column":2},"end":{"line":22,"column":34}},{"start":{"line":22,"column":38},"end":{"line":22,"column":61}}]},"2":{"loc":{"start":{"line":26,"column":2},"end":{"line":26,"column":33}},"type":"binary-expr","locations":[{"start":{"line":26,"column":2},"end":{"line":26,"column":33}},{"start":{"line":26,"column":37},"end":{"line":26,"column":72}}]},"3":{"loc":{"start":{"line":49,"column":2},"end":{"line":49,"column":33}},"type":"binary-expr","locations":[{"start":{"line":49,"column":2},"end":{"line":49,"column":33}},{"start":{"line":49,"column":37},"end":{"line":49,"column":72}}]},"4":{"loc":{"start":{"line":54,"column":3},"end":{"line":54,"column":12}},"type":"binary-expr","locations":[{"start":{"line":54,"column":3},"end":{"line":54,"column":12}},{"start":{"line":54,"column":16},"end":{"line":54,"column":49}}]},"5":{"loc":{"start":{"line":79,"column":2},"end":{"line":79,"column":23}},"type":"binary-expr","locations":[{"start":{"line":79,"column":2},"end":{"line":79,"column":23}},{"start":{"line":79,"column":27},"end":{"line":79,"column":78}}]}},"s":{"0":2,"1":2,"2":2,"3":2,"4":2,"5":2,"6":2,"7":2,"8":3,"9":3,"10":1,"11":1,"12":1,"13":1,"14":1,"15":3,"16":1,"17":1,"18":3,"19":2,"20":2,"21":1,"22":1,"23":1,"24":3,"25":1,"26":1,"27":1,"28":1,"29":1,"30":1,"31":1,"32":1,"33":1,"34":1,"35":3,"36":1,"37":1,"38":1,"39":1,"40":1,"41":2},"f":{"0":3,"1":1,"2":1,"3":2,"4":1,"5":1,"6":1,"7":1},"b":{"0":[2],"1":[1,1],"2":[1,1],"3":[1,1],"4":[1,1],"5":[1,1]}}
,"/Users/wxq/github/friday/packages/friday-core/src/index.ts": {"path":"/Users/wxq/github/friday/packages/friday-core/src/index.ts","statementMap":{"0":{"start":{"line":1,"column":0},"end":{"line":1,"column":44}},"1":{"start":{"line":3,"column":0},"end":{"line":3,"column":null}},"2":{"start":{"line":5,"column":0},"end":{"line":5,"column":null}},"3":{"start":{"line":6,"column":1},"end":{"line":6,"column":null}},"4":{"start":{"line":7,"column":1},"end":{"line":7,"column":null}},"5":{"start":{"line":12,"column":0},"end":{"line":12,"column":9}},"6":{"start":{"line":12,"column":9},"end":{"line":12,"column":53}}},"fnMap":{"0":{"name":"(anonymous_1)","decl":{"start":{"line":6,"column":1},"end":{"line":6,"column":17}},"loc":{"start":{"line":6,"column":1},"end":{"line":6,"column":null}}},"1":{"name":"(anonymous_2)","decl":{"start":{"line":7,"column":1},"end":{"line":7,"column":17}},"loc":{"start":{"line":7,"column":1},"end":{"line":7,"column":null}}},"2":{"name":"(anonymous_3)","decl":{"start":{"line":12,"column":9},"end":{"line":12,"column":31}},"loc":{"start":{"line":12,"column":9},"end":{"line":12,"column":53}}}},"branchMap":{},"s":{"0":1,"1":1,"2":1,"3":2,"4":2,"5":1,"6":2},"f":{"0":1,"1":1,"2":1},"b":{}}
,"/Users/wxq/github/friday/packages/friday-core/src/configuration/configuration.service.ts": {"path":"/Users/wxq/github/friday/packages/friday-core/src/configuration/configuration.service.ts","statementMap":{"0":{"start":{"line":1,"column":0},"end":{"line":1,"column":33}},"1":{"start":{"line":2,"column":0},"end":{"line":2,"column":29}},"2":{"start":{"line":3,"column":0},"end":{"line":3,"column":40}},"3":{"start":{"line":4,"column":0},"end":{"line":4,"column":80}},"4":{"start":{"line":5,"column":0},"end":{"line":5,"column":49}},"5":{"start":{"line":11,"column":8},"end":{"line":13,"column":null}},"6":{"start":{"line":12,"column":2},"end":{"line":12,"column":null}},"7":{"start":{"line":15,"column":8},"end":{"line":44,"column":null}},"8":{"start":{"line":18,"column":19},"end":{"line":18,"column":34}},"9":{"start":{"line":20,"column":30},"end":{"line":20,"column":65}},"10":{"start":{"line":22,"column":2},"end":{"line":22,"column":null}},"11":{"start":{"line":24,"column":30},"end":{"line":26,"column":4}},"12":{"start":{"line":25,"column":3},"end":{"line":25,"column":null}},"13":{"start":{"line":28,"column":2},"end":{"line":30,"column":null}},"14":{"start":{"line":29,"column":3},"end":{"line":29,"column":null}},"15":{"start":{"line":32,"column":2},"end":{"line":37,"column":null}},"16":{"start":{"line":33,"column":3},"end":{"line":36,"column":null}},"17":{"start":{"line":39,"column":2},"end":{"line":39,"column":null}},"18":{"start":{"line":41,"column":2},"end":{"line":41,"column":null}},"19":{"start":{"line":43,"column":2},"end":{"line":43,"column":null}},"20":{"start":{"line":47,"column":23},"end":{"line":47,"column":49}},"21":{"start":{"line":49,"column":2},"end":{"line":61,"column":null}},"22":{"start":{"line":63,"column":2},"end":{"line":63,"column":null}},"23":{"start":{"line":67,"column":2},"end":{"line":97,"column":null}},"24":{"start":{"line":69,"column":4},"end":{"line":72,"column":null}},"25":{"start":{"line":70,"column":5},"end":{"line":70,"column":null}},"26":{"start":{"line":71,"column":5},"end":{"line":71,"column":null}},"27":{"start":{"line":74,"column":4},"end":{"line":77,"column":null}},"28":{"start":{"line":75,"column":5},"end":{"line":75,"column":null}},"29":{"start":{"line":76,"column":5},"end":{"line":76,"column":null}},"30":{"start":{"line":79,"column":4},"end":{"line":86,"column":null}},"31":{"start":{"line":84,"column":5},"end":{"line":84,"column":null}},"32":{"start":{"line":85,"column":5},"end":{"line":85,"column":null}},"33":{"start":{"line":88,"column":4},"end":{"line":88,"column":null}},"34":{"start":{"line":90,"column":4},"end":{"line":90,"column":null}},"35":{"start":{"line":8,"column":0},"end":{"line":8,"column":13}}},"fnMap":{"0":{"name":"(anonymous_1)","decl":{"start":{"line":8,"column":0},"end":{"line":8,"column":13}},"loc":{"start":{"line":8,"column":0},"end":{"line":99,"column":1}}},"1":{"name":"(anonymous_2)","decl":{"start":{"line":11,"column":27},"end":{"line":11,"column":61}},"loc":{"start":{"line":11,"column":63},"end":{"line":13,"column":2}}},"2":{"name":"(anonymous_3)","decl":{"start":{"line":15,"column":31},"end":{"line":15,"column":null}},"loc":{"start":{"line":17,"column":29},"end":{"line":44,"column":2}}},"3":{"name":"(anonymous_4)","decl":{"start":{"line":24,"column":52},"end":{"line":24,"column":53}},"loc":{"start":{"line":24,"column":58},"end":{"line":26,"column":3}}},"4":{"name":"(anonymous_5)","decl":{"start":{"line":46,"column":9},"end":{"line":46,"column":25}},"loc":{"start":{"line":46,"column":55},"end":{"line":64,"column":2}}},"5":{"name":"(anonymous_6)","decl":{"start":{"line":66,"column":9},"end":{"line":66,"column":23}},"loc":{"start":{"line":66,"column":56},"end":{"line":98,"column":2}}},"6":{"name":"(anonymous_7)","decl":{"start":{"line":68,"column":3},"end":{"line":68,"column":4}},"loc":{"start":{"line":68,"column":14},"end":{"line":91,"column":4}}}},"branchMap":{"0":{"loc":{"start":{"line":16,"column":37},"end":{"line":16,"column":39}},"type":"default-arg","locations":[{"start":{"line":16,"column":37},"end":{"line":16,"column":39}}]},"1":{"loc":{"start":{"line":28,"column":2},"end":{"line":30,"column":null}},"type":"if","locations":[{"start":{"line":28,"column":2},"end":{"line":30,"column":null}},{"start":{"line":28,"column":2},"end":{"line":30,"column":null}}]},"2":{"loc":{"start":{"line":28,"column":6},"end":{"line":28,"column":34}},"type":"binary-expr","locations":[{"start":{"line":28,"column":6},"end":{"line":28,"column":34}},{"start":{"line":28,"column":38},"end":{"line":28,"column":69}}]},"3":{"loc":{"start":{"line":32,"column":2},"end":{"line":37,"column":null}},"type":"if","locations":[{"start":{"line":32,"column":2},"end":{"line":37,"column":null}},{"start":{"line":32,"column":2},"end":{"line":37,"column":null}}]},"4":{"loc":{"start":{"line":32,"column":6},"end":{"line":32,"column":34}},"type":"binary-expr","locations":[{"start":{"line":32,"column":6},"end":{"line":32,"column":34}},{"start":{"line":32,"column":38},"end":{"line":32,"column":68}}]},"5":{"loc":{"start":{"line":47,"column":23},"end":{"line":47,"column":43}},"type":"binary-expr","locations":[{"start":{"line":47,"column":23},"end":{"line":47,"column":43}},{"start":{"line":47,"column":47},"end":{"line":47,"column":49}}]},"6":{"loc":{"start":{"line":69,"column":4},"end":{"line":72,"column":null}},"type":"if","locations":[{"start":{"line":69,"column":4},"end":{"line":72,"column":null}},{"start":{"line":69,"column":4},"end":{"line":72,"column":null}}]},"7":{"loc":{"start":{"line":69,"column":8},"end":{"line":69,"column":18}},"type":"binary-expr","locations":[{"start":{"line":69,"column":8},"end":{"line":69,"column":18}},{"start":{"line":69,"column":22},"end":{"line":69,"column":44}}]},"8":{"loc":{"start":{"line":74,"column":4},"end":{"line":77,"column":null}},"type":"if","locations":[{"start":{"line":74,"column":4},"end":{"line":77,"column":null}},{"start":{"line":74,"column":4},"end":{"line":77,"column":null}}]},"9":{"loc":{"start":{"line":74,"column":8},"end":{"line":74,"column":18}},"type":"binary-expr","locations":[{"start":{"line":74,"column":8},"end":{"line":74,"column":18}},{"start":{"line":74,"column":22},"end":{"line":74,"column":44}}]},"10":{"loc":{"start":{"line":79,"column":4},"end":{"line":86,"column":null}},"type":"if","locations":[{"start":{"line":79,"column":4},"end":{"line":86,"column":null}},{"start":{"line":79,"column":4},"end":{"line":86,"column":null}}]},"11":{"loc":{"start":{"line":80,"column":5},"end":{"line":80,"column":15}},"type":"binary-expr","locations":[{"start":{"line":80,"column":5},"end":{"line":80,"column":15}},{"start":{"line":81,"column":5},"end":{"line":81,"column":41}},{"start":{"line":82,"column":5},"end":{"line":82,"column":77}}]}},"s":{"0":4,"1":4,"2":4,"3":4,"4":4,"5":4,"6":8,"7":4,"8":10,"9":10,"10":10,"11":7,"12":7,"13":7,"14":2,"15":5,"16":1,"17":4,"18":4,"19":4,"20":4,"21":4,"22":4,"23":10,"24":11,"25":1,"26":1,"27":11,"28":1,"29":1,"30":11,"31":1,"32":1,"33":11,"34":11,"35":4},"f":{"0":4,"1":8,"2":10,"3":7,"4":4,"5":10,"6":11},"b":{"0":[1],"1":[2,5],"2":[7,7],"3":[1,4],"4":[5,5],"5":[4,1],"6":[1,10],"7":[11,11],"8":[1,10],"9":[11,10],"10":[1,10],"11":[11,9,2]}}
,"/Users/wxq/github/friday/packages/friday-core/src/configuration/index.ts": {"path":"/Users/wxq/github/friday/packages/friday-core/src/configuration/index.ts","statementMap":{"0":{"start":{"line":1,"column":0},"end":{"line":1,"column":62}},"1":{"start":{"line":3,"column":13},"end":{"line":3,"column":null}},"2":{"start":{"line":5,"column":13},"end":{"line":5,"column":null}},"3":{"start":{"line":9,"column":0},"end":{"line":9,"column":9}},"4":{"start":{"line":9,"column":9},"end":{"line":9,"column":36}}},"fnMap":{"0":{"name":"(anonymous_1)","decl":{"start":{"line":9,"column":9},"end":{"line":9,"column":16}},"loc":{"start":{"line":9,"column":9},"end":{"line":9,"column":36}}}},"branchMap":{},"s":{"0":4,"1":4,"2":4,"3":4,"4":7},"f":{"0":3},"b":{}}
,"/Users/wxq/github/friday/packages/friday-core/src/configuration/useConfiguration.ts": {"path":"/Users/wxq/github/friday/packages/friday-core/src/configuration/useConfiguration.ts","statementMap":{"0":{"start":{"line":1,"column":0},"end":{"line":1,"column":25}},"1":{"start":{"line":2,"column":0},"end":{"line":2,"column":33}},"2":{"start":{"line":3,"column":0},"end":{"line":3,"column":70}},"3":{"start":{"line":5,"column":25},"end":{"line":11,"column":1}},"4":{"start":{"line":6,"column":16},"end":{"line":6,"column":83}},"5":{"start":{"line":6,"column":36},"end":{"line":6,"column":78}},"6":{"start":{"line":8,"column":1},"end":{"line":8,"column":null}},"7":{"start":{"line":10,"column":1},"end":{"line":10,"column":null}},"8":{"start":{"line":13,"column":0},"end":{"line":13,"column":null}}},"fnMap":{"0":{"name":"(anonymous_1)","decl":{"start":{"line":5,"column":25},"end":{"line":5,"column":56}},"loc":{"start":{"line":5,"column":58},"end":{"line":11,"column":1}}},"1":{"name":"(anonymous_2)","decl":{"start":{"line":6,"column":30},"end":{"line":6,"column":33}},"loc":{"start":{"line":6,"column":36},"end":{"line":6,"column":78}}}},"branchMap":{},"s":{"0":4,"1":4,"2":4,"3":4,"4":3,"5":3,"6":3,"7":2,"8":4},"f":{"0":3,"1":3},"b":{}}
,"/Users/wxq/github/friday/packages/friday-core/src/middleware/index.ts": {"path":"/Users/wxq/github/friday/packages/friday-core/src/middleware/index.ts","statementMap":{"0":{"start":{"line":1,"column":0},"end":{"line":1,"column":52}},"1":{"start":{"line":5,"column":0},"end":{"line":5,"column":9}},"2":{"start":{"line":5,"column":9},"end":{"line":5,"column":42}},"3":{"start":{"line":7,"column":13},"end":{"line":7,"column":null}}},"fnMap":{"0":{"name":"(anonymous_1)","decl":{"start":{"line":5,"column":9},"end":{"line":5,"column":16}},"loc":{"start":{"line":5,"column":9},"end":{"line":5,"column":42}}}},"branchMap":{},"s":{"0":4,"1":4,"2":6,"3":4},"f":{"0":2},"b":{}}
,"/Users/wxq/github/friday/packages/friday-core/src/middleware/middleware.service.ts": {"path":"/Users/wxq/github/friday/packages/friday-core/src/middleware/middleware.service.ts","statementMap":{"0":{"start":{"line":1,"column":0},"end":{"line":1,"column":38}},"1":{"start":{"line":2,"column":0},"end":{"line":2,"column":33}},"2":{"start":{"line":3,"column":0},"end":{"line":3,"column":40}},"3":{"start":{"line":4,"column":0},"end":{"line":4,"column":52}},"4":{"start":{"line":11,"column":2},"end":{"line":11,"column":null}},"5":{"start":{"line":8,"column":9},"end":{"line":8,"column":null}},"6":{"start":{"line":14,"column":8},"end":{"line":28,"column":null}},"7":{"start":{"line":15,"column":2},"end":{"line":18,"column":null}},"8":{"start":{"line":20,"column":2},"end":{"line":25,"column":null}},"9":{"start":{"line":21,"column":3},"end":{"line":23,"column":null}},"10":{"start":{"line":22,"column":4},"end":{"line":22,"column":null}},"11":{"start":{"line":24,"column":3},"end":{"line":24,"column":9}},"12":{"start":{"line":27,"column":2},"end":{"line":27,"column":null}},"13":{"start":{"line":30,"column":8},"end":{"line":35,"column":null}},"14":{"start":{"line":31,"column":2},"end":{"line":31,"column":null}},"15":{"start":{"line":32,"column":22},"end":{"line":32,"column":49}},"16":{"start":{"line":33,"column":18},"end":{"line":33,"column":57}},"17":{"start":{"line":34,"column":2},"end":{"line":34,"column":null}},"18":{"start":{"line":37,"column":8},"end":{"line":39,"column":null}},"19":{"start":{"line":38,"column":2},"end":{"line":38,"column":null}},"20":{"start":{"line":7,"column":0},"end":{"line":7,"column":21}}},"fnMap":{"0":{"name":"(anonymous_1)","decl":{"start":{"line":10,"column":1},"end":{"line":10,"column":null}},"loc":{"start":{"line":10,"column":1},"end":{"line":12,"column":2}}},"1":{"name":"(anonymous_2)","decl":{"start":{"line":14,"column":14},"end":{"line":14,"column":15}},"loc":{"start":{"line":14,"column":58},"end":{"line":28,"column":2}}},"2":{"name":"(anonymous_3)","decl":{"start":{"line":21,"column":22},"end":{"line":21,"column":23}},"loc":{"start":{"line":21,"column":28},"end":{"line":23,"column":4}}},"3":{"name":"(anonymous_4)","decl":{"start":{"line":30,"column":16},"end":{"line":30,"column":17}},"loc":{"start":{"line":30,"column":70},"end":{"line":35,"column":2}}},"4":{"name":"(anonymous_5)","decl":{"start":{"line":37,"column":24},"end":{"line":37,"column":42}},"loc":{"start":{"line":37,"column":44},"end":{"line":39,"column":2}}}},"branchMap":{"0":{"loc":{"start":{"line":16,"column":3},"end":{"line":16,"column":25}},"type":"binary-expr","locations":[{"start":{"line":16,"column":3},"end":{"line":16,"column":25}},{"start":{"line":16,"column":29},"end":{"line":16,"column":48}}]},"1":{"loc":{"start":{"line":20,"column":2},"end":{"line":25,"column":null}},"type":"if","locations":[{"start":{"line":20,"column":2},"end":{"line":25,"column":null}},{"start":{"line":20,"column":2},"end":{"line":25,"column":null}}]}},"s":{"0":4,"1":4,"2":4,"3":4,"4":4,"5":4,"6":4,"7":4,"8":3,"9":0,"10":0,"11":0,"12":3,"13":4,"14":3,"15":3,"16":3,"17":3,"18":4,"19":2,"20":4},"f":{"0":4,"1":4,"2":0,"3":3,"4":2},"b":{"0":[4,1],"1":[0,3]}}
,"/Users/wxq/github/friday/packages/friday-core/src/middleware/middlewares/globalState.middleware.tsx": {"path":"/Users/wxq/github/friday/packages/friday-core/src/middleware/middlewares/globalState.middleware.tsx","statementMap":{"0":{"start":{"line":1,"column":0},"end":{"line":1,"column":25}},"1":{"start":{"line":2,"column":0},"end":{"line":2,"column":46}},"2":{"start":{"line":5,"column":58},"end":{"line":5,"column":88}},"3":{"start":{"line":7,"column":1},"end":{"line":21,"column":null}},"4":{"start":{"line":10,"column":3},"end":{"line":19,"column":null}},"5":{"start":{"line":12,"column":5},"end":{"line":16,"column":null}},"6":{"start":{"line":4,"column":0},"end":{"line":4,"column":24}}},"fnMap":{"0":{"name":"GlobalState_middleware","decl":{"start":{"line":4,"column":24},"end":{"line":4,"column":46}},"loc":{"start":{"line":4,"column":76},"end":{"line":22,"column":1}}},"1":{"name":"(anonymous_2)","decl":{"start":{"line":9,"column":14},"end":{"line":9,"column":15}},"loc":{"start":{"line":9,"column":41},"end":{"line":20,"column":3}}},"2":{"name":"(anonymous_3)","decl":{"start":{"line":11,"column":4},"end":{"line":11,"column":7}},"loc":{"start":{"line":11,"column":13},"end":{"line":17,"column":5}}}},"branchMap":{},"s":{"0":4,"1":4,"2":3,"3":3,"4":3,"5":3,"6":4},"f":{"0":3,"1":3,"2":3},"b":{}}
,"/Users/wxq/github/friday/packages/friday-core/src/process/deferred.ts": {"path":"/Users/wxq/github/friday/packages/friday-core/src/process/deferred.ts","statementMap":{"0":{"start":{"line":11,"column":2},"end":{"line":14,"column":null}},"1":{"start":{"line":12,"column":3},"end":{"line":12,"column":null}},"2":{"start":{"line":13,"column":3},"end":{"line":13,"column":null}},"3":{"start":{"line":3,"column":0},"end":{"line":3,"column":13}}},"fnMap":{"0":{"name":"(anonymous_0)","decl":{"start":{"line":10,"column":1},"end":{"line":10,"column":null}},"loc":{"start":{"line":10,"column":1},"end":{"line":15,"column":2}}},"1":{"name":"(anonymous_1)","decl":{"start":{"line":11,"column":29},"end":{"line":11,"column":30}},"loc":{"start":{"line":11,"column":49},"end":{"line":14,"column":3}}}},"branchMap":{},"s":{"0":11,"1":11,"2":11,"3":8},"f":{"0":11,"1":11},"b":{}}
,"/Users/wxq/github/friday/packages/friday-core/src/process/index.ts": {"path":"/Users/wxq/github/friday/packages/friday-core/src/process/index.ts","statementMap":{"0":{"start":{"line":3,"column":0},"end":{"line":3,"column":47}},"1":{"start":{"line":5,"column":0},"end":{"line":5,"column":null}}},"fnMap":{},"branchMap":{},"s":{"0":8,"1":8},"f":{},"b":{}}
,"/Users/wxq/github/friday/packages/friday-core/src/process/process.service.ts": {"path":"/Users/wxq/github/friday/packages/friday-core/src/process/process.service.ts","statementMap":{"0":{"start":{"line":1,"column":0},"end":{"line":1,"column":37}},"1":{"start":{"line":12,"column":2},"end":{"line":12,"column":null}},"2":{"start":{"line":16,"column":2},"end":{"line":16,"column":null}},"3":{"start":{"line":8,"column":0},"end":{"line":8,"column":30}}},"fnMap":{"0":{"name":"(anonymous_0)","decl":{"start":{"line":11,"column":1},"end":{"line":11,"column":12}},"loc":{"start":{"line":11,"column":20},"end":{"line":13,"column":2}}},"1":{"name":"(anonymous_1)","decl":{"start":{"line":15,"column":11},"end":{"line":15,"column":25}},"loc":{"start":{"line":15,"column":25},"end":{"line":17,"column":2}}}},"branchMap":{},"s":{"0":8,"1":6,"2":11,"3":8},"f":{"0":6,"1":11},"b":{}}
,"/Users/wxq/github/friday/packages/friday-core/src/render/index.ts": {"path":"/Users/wxq/github/friday/packages/friday-core/src/render/index.ts","statementMap":{"0":{"start":{"line":3,"column":0},"end":{"line":3,"column":48}},"1":{"start":{"line":5,"column":0},"end":{"line":5,"column":null}}},"fnMap":{},"branchMap":{},"s":{"0":3,"1":3},"f":{},"b":{}}
,"/Users/wxq/github/friday/packages/friday-core/src/render/render.service.tsx": {"path":"/Users/wxq/github/friday/packages/friday-core/src/render/render.service.tsx","statementMap":{"0":{"start":{"line":1,"column":0},"end":{"line":1,"column":25}},"1":{"start":{"line":14,"column":8},"end":{"line":16,"column":null}},"2":{"start":{"line":15,"column":2},"end":{"line":15,"column":null}},"3":{"start":{"line":21,"column":8},"end":{"line":30,"column":null}},"4":{"start":{"line":22,"column":19},"end":{"line":22,"column":39}},"5":{"start":{"line":23,"column":24},"end":{"line":23,"column":29}},"6":{"start":{"line":24,"column":2},"end":{"line":29,"column":null}},"7":{"start":{"line":32,"column":8},"end":{"line":40,"column":null}},"8":{"start":{"line":33,"column":19},"end":{"line":33,"column":39}},"9":{"start":{"line":34,"column":24},"end":{"line":34,"column":29}},"10":{"start":{"line":35,"column":2},"end":{"line":39,"column":null}},"11":{"start":{"line":10,"column":2},"end":{"line":10,"column":null}},"12":{"start":{"line":11,"column":2},"end":{"line":11,"column":null}},"13":{"start":{"line":43,"column":2},"end":{"line":45,"column":null}},"14":{"start":{"line":44,"column":3},"end":{"line":44,"column":null}},"15":{"start":{"line":4,"column":0},"end":{"line":4,"column":13}}},"fnMap":{"0":{"name":"(anonymous_1)","decl":{"start":{"line":9,"column":1},"end":{"line":9,"column":13}},"loc":{"start":{"line":9,"column":60},"end":{"line":12,"column":2}}},"1":{"name":"(anonymous_2)","decl":{"start":{"line":14,"column":20},"end":{"line":14,"column":25}},"loc":{"start":{"line":14,"column":31},"end":{"line":16,"column":2}}},"2":{"name":"(anonymous_3)","decl":{"start":{"line":21,"column":16},"end":{"line":21,"column":21}},"loc":{"start":{"line":21,"column":32},"end":{"line":30,"column":2}}},"3":{"name":"(anonymous_4)","decl":{"start":{"line":32,"column":18},"end":{"line":32,"column":23}},"loc":{"start":{"line":32,"column":34},"end":{"line":40,"column":2}}},"4":{"name":"(anonymous_5)","decl":{"start":{"line":42,"column":8},"end":{"line":42,"column":14}},"loc":{"start":{"line":42,"column":14},"end":{"line":46,"column":2}}}},"branchMap":{"0":{"loc":{"start":{"line":27,"column":6},"end":{"line":27,"column":45}},"type":"cond-expr","locations":[{"start":{"line":27,"column":6},"end":{"line":27,"column":45}},{"start":{"line":28,"column":6},"end":{"line":28,"column":44}}]},"1":{"loc":{"start":{"line":37,"column":6},"end":{"line":37,"column":45}},"type":"cond-expr","locations":[{"start":{"line":37,"column":6},"end":{"line":37,"column":45}},{"start":{"line":38,"column":6},"end":{"line":38,"column":44}}]},"2":{"loc":{"start":{"line":43,"column":2},"end":{"line":45,"column":null}},"type":"if","locations":[{"start":{"line":43,"column":2},"end":{"line":45,"column":null}},{"start":{"line":43,"column":2},"end":{"line":45,"column":null}}]}},"s":{"0":3,"1":2,"2":1,"3":2,"4":4,"5":4,"6":4,"7":2,"8":2,"9":2,"10":2,"11":2,"12":2,"13":3,"14":2,"15":3},"f":{"0":2,"1":1,"2":4,"3":2,"4":3},"b":{"0":[1,3],"1":[1,1],"2":[2,1]}}
,"/Users/wxq/github/friday/packages/friday-core/src/router/index.ts": {"path":"/Users/wxq/github/friday/packages/friday-core/src/router/index.ts","statementMap":{"0":{"start":{"line":3,"column":0},"end":{"line":3,"column":44}},"1":{"start":{"line":5,"column":13},"end":{"line":5,"column":null}}},"fnMap":{},"branchMap":{},"s":{"0":5,"1":5},"f":{},"b":{}}
,"/Users/wxq/github/friday/packages/friday-core/src/router/router.service.ts": {"path":"/Users/wxq/github/friday/packages/friday-core/src/router/router.service.ts","statementMap":{"0":{"start":{"line":1,"column":0},"end":{"line":1,"column":33}},"1":{"start":{"line":2,"column":0},"end":{"line":2,"column":40}},"2":{"start":{"line":3,"column":0},"end":{"line":3,"column":43}},"3":{"start":{"line":5,"column":0},"end":{"line":5,"column":80}},"4":{"start":{"line":10,"column":8},"end":{"line":19,"column":null}},"5":{"start":{"line":11,"column":2},"end":{"line":14,"column":null}},"6":{"start":{"line":16,"column":2},"end":{"line":16,"column":null}},"7":{"start":{"line":18,"column":2},"end":{"line":18,"column":null}},"8":{"start":{"line":21,"column":8},"end":{"line":23,"column":null}},"9":{"start":{"line":22,"column":2},"end":{"line":22,"column":null}},"10":{"start":{"line":26,"column":2},"end":{"line":26,"column":null}},"11":{"start":{"line":7,"column":0},"end":{"line":7,"column":21}}},"fnMap":{"0":{"name":"(anonymous_1)","decl":{"start":{"line":7,"column":0},"end":{"line":7,"column":21}},"loc":{"start":{"line":7,"column":0},"end":{"line":28,"column":1}}},"1":{"name":"(anonymous_2)","decl":{"start":{"line":10,"column":24},"end":{"line":10,"column":25}},"loc":{"start":{"line":10,"column":58},"end":{"line":19,"column":2}}},"2":{"name":"(anonymous_3)","decl":{"start":{"line":21,"column":20},"end":{"line":21,"column":21}},"loc":{"start":{"line":21,"column":48},"end":{"line":23,"column":2}}},"3":{"name":"(anonymous_4)","decl":{"start":{"line":25,"column":8},"end":{"line":25,"column":18}},"loc":{"start":{"line":25,"column":54},"end":{"line":27,"column":2}}}},"branchMap":{},"s":{"0":5,"1":5,"2":5,"3":5,"4":5,"5":3,"6":2,"7":2,"8":5,"9":2,"10":5,"11":5},"f":{"0":5,"1":3,"2":2,"3":5},"b":{}}
}
