TN:
SF:packages/friday-async/src/AsyncRequestProvider.tsx
FN:6,(anonymous_1)
FN:15,(anonymous_2)
FNF:2
FNH:0
FNDA:0,(anonymous_1)
FNDA:0,(anonymous_2)
DA:1,0
DA:2,0
DA:3,0
DA:4,0
DA:6,0
DA:7,0
DA:9,0
DA:11,0
DA:13,0
DA:15,0
DA:18,0
DA:27,0
LF:12
LH:0
BRF:0
BRH:0
end_of_record
TN:
SF:packages/friday-async/src/dispatchAsync.ts
FN:13,(anonymous_1)
FN:27,(anonymous_2)
FN:53,(anonymous_3)
FN:56,(anonymous_4)
FN:63,(anonymous_5)
FNF:5
FNH:0
FNDA:0,(anonymous_1)
FNDA:0,(anonymous_2)
FNDA:0,(anonymous_3)
FNDA:0,(anonymous_4)
FNDA:0,(anonymous_5)
DA:2,0
DA:3,0
DA:4,0
DA:7,0
DA:13,0
DA:14,0
DA:15,0
DA:20,0
DA:21,0
DA:24,0
DA:27,0
DA:31,0
DA:33,0
DA:35,0
DA:42,0
DA:43,0
DA:46,0
DA:47,0
DA:50,0
DA:52,0
DA:54,0
DA:61,0
DA:64,0
DA:65,0
LF:24
LH:0
BRDA:14,0,0,0
BRDA:14,0,1,0
BRDA:20,1,0,0
BRDA:20,1,1,0
BRDA:20,2,0,0
BRDA:20,2,1,0
BRDA:20,2,2,0
BRDA:36,3,0,0
BRDA:36,3,1,0
BRDA:42,4,0,0
BRDA:42,4,1,0
BRDA:46,5,0,0
BRDA:46,5,1,0
BRDA:50,6,0,0
BRDA:50,6,1,0
BRDA:50,7,0,0
BRDA:50,7,1,0
BRF:17
BRH:0
end_of_record
TN:
SF:packages/friday-async/src/genarateApi.ts
FN:5,(anonymous_0)
FN:7,(anonymous_1)
FN:13,(anonymous_2)
FN:16,(anonymous_3)
FN:16,(anonymous_4)
FN:29,(anonymous_5)
FN:32,(anonymous_6)
FN:32,(anonymous_7)
FNF:8
FNH:7
FNDA:6,(anonymous_0)
FNDA:0,(anonymous_1)
FNDA:14,(anonymous_2)
FNDA:26,(anonymous_3)
FNDA:50,(anonymous_4)
FNDA:4,(anonymous_5)
FNDA:6,(anonymous_6)
FNDA:6,(anonymous_7)
DA:1,2
DA:5,2
DA:6,6
DA:7,0
DA:10,6
DA:13,2
DA:16,26
DA:18,50
DA:20,50
DA:29,2
DA:32,6
DA:34,6
DA:36,6
LF:13
LH:12
BRDA:6,0,0,0
BRDA:6,0,1,6
BRDA:16,1,0,24
BRDA:16,2,0,50
BRDA:32,3,0,6
BRDA:32,4,0,6
BRF:6
BRH:5
end_of_record
TN:
SF:packages/friday-async/src/index.ts
FN:16,(anonymous_5)
FN:17,(anonymous_6)
FN:18,(anonymous_7)
FNF:3
FNH:0
FNDA:0,(anonymous_5)
FNDA:0,(anonymous_6)
FNDA:0,(anonymous_7)
DA:2,0
DA:4,0
DA:6,0
DA:8,0
DA:10,0
DA:11,0
DA:12,0
DA:14,0
DA:16,0
DA:17,0
DA:18,0
DA:19,0
DA:20,0
LF:13
LH:0
BRF:0
BRH:0
end_of_record
TN:
SF:packages/friday-async/src/request.middleware.tsx
FN:6,(anonymous_1)
FN:14,(anonymous_2)
FN:17,(anonymous_3)
FN:19,(anonymous_4)
FNF:4
FNH:0
FNDA:0,(anonymous_1)
FNDA:0,(anonymous_2)
FNDA:0,(anonymous_3)
FNDA:0,(anonymous_4)
DA:1,0
DA:2,0
DA:3,0
DA:4,0
DA:6,0
DA:8,0
DA:10,0
DA:12,0
DA:14,0
DA:17,0
DA:18,0
DA:20,0
DA:33,0
LF:13
LH:0
BRF:0
BRH:0
end_of_record
TN:
SF:packages/friday-async/src/axios/axios.service.ts
FN:5,(anonymous_0)
FN:9,(anonymous_1)
FN:13,(anonymous_2)
FNF:3
FNH:3
FNDA:1,(anonymous_0)
FNDA:1,(anonymous_1)
FNDA:1,(anonymous_2)
DA:5,1
DA:9,1
DA:10,1
DA:13,1
DA:14,1
LF:5
LH:5
BRF:0
BRH:0
end_of_record
TN:
SF:packages/friday-async/src/axios/index.ts
FNF:0
FNH:0
DA:2,0
DA:4,0
DA:6,0
LF:3
LH:0
BRF:0
BRH:0
end_of_record
TN:
SF:packages/friday-async/src/useRequest/context.ts
FNF:0
FNH:0
DA:3,1
DA:12,1
LF:2
LH:2
BRF:0
BRH:0
end_of_record
TN:
SF:packages/friday-async/src/useRequest/index.ts
FN:41,useRequest
FNF:1
FNH:1
FNDA:21,useRequest
DA:1,1
DA:2,1
DA:3,1
DA:4,1
DA:5,1
DA:6,1
DA:45,21
DA:47,21
DA:49,21
DA:51,21
DA:52,0
DA:55,21
DA:56,0
DA:59,21
DA:61,21
DA:63,21
DA:64,3
DA:67,18
DA:68,8
DA:71,10
DA:72,4
DA:75,6
DA:78,1
LF:23
LH:21
BRDA:43,0,0,0
BRDA:51,1,0,0
BRDA:51,1,1,21
BRDA:51,2,0,21
BRDA:51,2,1,21
BRDA:55,3,0,0
BRDA:55,3,1,21
BRDA:55,4,0,21
BRDA:55,4,1,3
BRDA:55,4,2,0
BRDA:63,5,0,3
BRDA:63,5,1,18
BRDA:67,6,0,8
BRDA:67,6,1,10
BRDA:71,7,0,4
BRDA:71,7,1,6
BRF:16
BRH:12
end_of_record
TN:
SF:packages/friday-async/src/useRequest/useAsync.tsx
FN:28,useAsync
FN:53,(anonymous_2)
FN:71,(anonymous_3)
FN:89,(anonymous_4)
FNF:4
FNH:4
FNDA:21,useAsync
FNDA:6,(anonymous_2)
FNDA:21,(anonymous_3)
FNDA:12,(anonymous_4)
DA:2,1
DA:3,1
DA:4,1
DA:5,1
DA:6,1
DA:19,1
DA:30,21
DA:32,21
DA:34,21
DA:36,21
DA:38,21
DA:45,21
DA:50,21
DA:54,6
DA:55,1
DA:56,1
DA:67,21
DA:69,21
DA:71,21
DA:72,21
DA:73,21
DA:74,21
DA:76,0
DA:83,21
DA:84,0
DA:87,21
DA:89,21
DA:90,12
DA:93,21
DA:100,1
LF:30
LH:28
BRDA:42,0,0,21
BRDA:42,0,1,0
BRDA:54,1,0,1
BRDA:54,1,1,5
BRDA:54,2,0,0
BRDA:54,2,1,6
BRDA:54,3,0,6
BRDA:54,3,1,6
BRDA:72,4,0,0
BRDA:72,4,1,21
BRDA:83,5,0,0
BRDA:83,5,1,21
BRDA:90,6,0,0
BRDA:90,6,1,12
BRDA:90,7,0,12
BRDA:90,7,1,12
BRF:16
BRH:11
end_of_record
TN:
SF:packages/friday-async/src/useRequest/useLoadMore.tsx
FN:11,useLoadMore
FN:20,(anonymous_2)
FNF:2
FNH:2
FNDA:8,useLoadMore
FNDA:4,(anonymous_2)
DA:2,1
DA:3,1
DA:16,8
DA:18,8
DA:20,8
DA:21,4
DA:22,2
DA:24,2
DA:28,8
DA:37,1
LF:10
LH:10
BRDA:21,0,0,2
BRDA:21,0,1,2
BRDA:21,1,0,0
BRDA:21,1,1,4
BRDA:21,2,0,4
BRDA:21,2,1,4
BRF:6
BRH:5
end_of_record
TN:
SF:packages/friday-async/src/useRequest/useManalAsync.ts
FN:11,useManalRequest
FN:25,(anonymous_2)
FN:34,(anonymous_3)
FN:44,(anonymous_4)
FN:48,(anonymous_5)
FN:52,(anonymous_6)
FN:59,(anonymous_7)
FNF:7
FNH:6
FNDA:4,useManalRequest
FNDA:2,(anonymous_2)
FNDA:1,(anonymous_3)
FNDA:1,(anonymous_4)
FNDA:0,(anonymous_5)
FNDA:2,(anonymous_6)
FNDA:1,(anonymous_7)
DA:1,1
DA:2,1
DA:3,1
DA:16,4
DA:18,4
DA:20,4
DA:23,4
DA:25,4
DA:28,2
DA:34,4
DA:35,1
DA:38,4
DA:39,0
DA:42,4
DA:45,1
DA:46,1
DA:49,0
DA:50,0
DA:53,2
DA:57,4
DA:59,4
DA:60,1
DA:61,1
DA:62,1
DA:63,1
DA:66,4
DA:72,1
LF:27
LH:24
BRDA:38,0,0,0
BRDA:38,0,1,4
BRDA:46,1,0,1
BRDA:46,1,1,1
BRDA:50,2,0,0
BRDA:50,2,1,0
BRF:6
BRH:3
end_of_record
TN:
SF:packages/friday-async/src/useRequest/usePagination.tsx
FN:15,usePagination
FN:49,(anonymous_2)
FN:55,(anonymous_3)
FN:61,(anonymous_4)
FN:66,(anonymous_5)
FNF:5
FNH:3
FNDA:11,usePagination
FNDA:1,(anonymous_2)
FNDA:9,(anonymous_3)
FNDA:0,(anonymous_4)
FNDA:0,(anonymous_5)
DA:2,1
DA:3,1
DA:4,1
DA:13,1
DA:20,11
DA:22,11
DA:24,11
DA:29,11
DA:32,11
DA:34,11
DA:37,11
DA:38,0
DA:41,11
DA:43,11
DA:47,11
DA:49,11
DA:50,1
DA:51,1
DA:52,1
DA:55,11
DA:56,9
DA:62,0
DA:63,0
DA:67,0
DA:70,9
DA:86,11
DA:96,1
LF:27
LH:23
BRDA:20,0,0,11
BRDA:37,1,0,0
BRDA:37,1,1,11
BRDA:50,2,0,0
BRDA:50,2,1,1
BRDA:50,3,0,1
BRDA:50,3,1,1
BRDA:65,4,0,9
BRDA:65,4,1,9
BRF:9
BRH:7
end_of_record
TN:
SF:packages/friday-async/src/useRequest/utils.ts
FN:7,(anonymous_1)
FN:20,(anonymous_2)
FN:28,(anonymous_3)
FN:39,(anonymous_4)
FN:62,(anonymous_5)
FN:70,(anonymous_6)
FN:96,(anonymous_7)
FN:100,(anonymous_8)
FN:117,(anonymous_9)
FNF:9
FNH:9
FNDA:65,(anonymous_1)
FNDA:14,(anonymous_2)
FNDA:30,(anonymous_3)
FNDA:16,(anonymous_4)
FNDA:34,(anonymous_5)
FNDA:19,(anonymous_6)
FNDA:24,(anonymous_7)
FNDA:8,(anonymous_8)
FNDA:22,(anonymous_9)
DA:2,2
DA:3,2
DA:4,2
DA:7,2
DA:10,65
DA:11,12
DA:13,53
DA:14,51
DA:17,2
DA:20,2
DA:21,14
DA:23,14
DA:25,14
DA:28,2
DA:30,30
DA:32,30
DA:34,29
DA:36,29
DA:39,2
DA:43,16
DA:45,14
DA:46,1
DA:49,13
DA:51,13
DA:53,13
DA:62,2
DA:63,34
DA:64,25
DA:70,2
DA:72,19
DA:78,2
DA:81,17
DA:82,17
DA:84,17
DA:96,2
DA:98,24
DA:100,23
DA:102,8
DA:103,8
DA:106,1
DA:109,8
DA:110,1
DA:112,7
DA:117,2
DA:118,22
DA:120,22
LF:46
LH:46
BRDA:10,0,0,12
BRDA:10,0,1,53
BRDA:13,1,0,51
BRDA:13,1,1,2
BRDA:32,2,0,1
BRDA:32,2,1,29
BRDA:34,3,0,28
BRDA:34,3,1,1
BRDA:43,4,0,2
BRDA:43,4,1,14
BRDA:45,5,0,1
BRDA:45,5,1,13
BRDA:45,6,0,14
BRDA:45,6,1,13
BRDA:51,7,0,12
BRDA:51,7,1,1
BRDA:63,8,0,25
BRDA:63,8,1,9
BRDA:63,9,0,14
BRDA:63,9,1,20
BRDA:63,10,0,34
BRDA:63,10,1,34
BRDA:70,11,0,17
BRDA:72,12,0,2
BRDA:72,12,1,17
BRDA:73,13,0,19
BRDA:73,13,1,3
BRDA:85,14,0,1
BRDA:85,14,1,16
BRDA:98,15,0,1
BRDA:98,15,1,23
BRDA:109,16,0,1
BRDA:109,16,1,7
BRDA:118,17,0,0
BRDA:118,17,1,22
BRDA:121,18,0,22
BRDA:121,18,1,3
BRDA:121,18,2,0
BRDA:121,19,0,0
BRDA:121,19,1,22
BRDA:121,20,0,22
BRDA:121,20,1,22
BRDA:122,21,0,0
BRDA:122,21,1,3
BRDA:122,22,0,3
BRDA:122,22,1,3
BRF:46
BRH:42
end_of_record
TN:
SF:packages/friday-core/src/create.service.tsx
FN:14,(anonymous_1)
FN:19,(anonymous_2)
FN:31,(anonymous_3)
FN:37,(anonymous_4)
FN:52,(anonymous_5)
FN:85,(anonymous_6)
FN:90,(anonymous_7)
FN:103,(anonymous_8)
FNF:8
FNH:8
FNDA:3,(anonymous_1)
FNDA:1,(anonymous_2)
FNDA:1,(anonymous_3)
FNDA:2,(anonymous_4)
FNDA:1,(anonymous_5)
FNDA:1,(anonymous_6)
FNDA:1,(anonymous_7)
FNDA:1,(anonymous_8)
DA:1,2
DA:2,2
DA:3,2
DA:4,2
DA:5,2
DA:6,2
DA:8,2
DA:9,2
DA:11,2
DA:15,3
DA:16,3
DA:19,3
DA:20,1
DA:22,1
DA:24,1
DA:26,1
DA:28,1
DA:31,3
DA:32,1
DA:34,1
DA:37,3
DA:38,2
DA:40,2
DA:45,1
DA:47,1
DA:49,1
DA:52,3
DA:53,1
DA:58,1
DA:63,1
DA:69,1
DA:71,1
DA:73,1
DA:75,1
DA:77,1
DA:79,1
DA:82,1
DA:86,1
DA:88,1
DA:92,1
DA:103,1
LF:41
LH:41
BRDA:14,0,0,2
BRDA:22,1,0,1
BRDA:22,1,1,1
BRDA:26,2,0,1
BRDA:26,2,1,1
BRDA:49,3,0,1
BRDA:49,3,1,1
BRDA:54,4,0,1
BRDA:54,4,1,1
BRDA:79,5,0,1
BRDA:79,5,1,1
BRF:11
BRH:11
end_of_record
TN:
SF:packages/friday-core/src/index.ts
FN:6,(anonymous_1)
FN:7,(anonymous_2)
FN:12,(anonymous_3)
FNF:3
FNH:3
FNDA:1,(anonymous_1)
FNDA:1,(anonymous_2)
FNDA:1,(anonymous_3)
DA:1,1
DA:3,1
DA:5,1
DA:6,2
DA:7,2
DA:12,2
LF:6
LH:6
BRF:0
BRH:0
end_of_record
TN:
SF:packages/friday-core/src/configuration/configuration.service.ts
FN:8,(anonymous_1)
FN:11,(anonymous_2)
FN:15,(anonymous_3)
FN:24,(anonymous_4)
FN:46,(anonymous_5)
FN:66,(anonymous_6)
FN:68,(anonymous_7)
FNF:7
FNH:7
FNDA:4,(anonymous_1)
FNDA:8,(anonymous_2)
FNDA:10,(anonymous_3)
FNDA:7,(anonymous_4)
FNDA:4,(anonymous_5)
FNDA:10,(anonymous_6)
FNDA:11,(anonymous_7)
DA:1,4
DA:2,4
DA:3,4
DA:4,4
DA:5,4
DA:8,4
DA:11,4
DA:12,8
DA:15,4
DA:18,10
DA:20,10
DA:22,10
DA:24,7
DA:25,7
DA:28,7
DA:29,2
DA:32,5
DA:33,1
DA:39,4
DA:41,4
DA:43,4
DA:47,4
DA:49,4
DA:63,4
DA:67,10
DA:69,11
DA:70,1
DA:71,1
DA:74,11
DA:75,1
DA:76,1
DA:79,11
DA:84,1
DA:85,1
DA:88,11
DA:90,11
LF:36
LH:36
BRDA:16,0,0,1
BRDA:28,1,0,2
BRDA:28,1,1,5
BRDA:28,2,0,7
BRDA:28,2,1,7
BRDA:32,3,0,1
BRDA:32,3,1,4
BRDA:32,4,0,5
BRDA:32,4,1,5
BRDA:47,5,0,4
BRDA:47,5,1,1
BRDA:69,6,0,1
BRDA:69,6,1,10
BRDA:69,7,0,11
BRDA:69,7,1,11
BRDA:74,8,0,1
BRDA:74,8,1,10
BRDA:74,9,0,11
BRDA:74,9,1,10
BRDA:79,10,0,1
BRDA:79,10,1,10
BRDA:80,11,0,11
BRDA:80,11,1,9
BRDA:80,11,2,2
BRF:24
BRH:24
end_of_record
TN:
SF:packages/friday-core/src/configuration/index.ts
FN:9,(anonymous_1)
FNF:1
FNH:1
FNDA:3,(anonymous_1)
DA:1,4
DA:3,4
DA:5,4
DA:9,7
LF:4
LH:4
BRF:0
BRH:0
end_of_record
TN:
SF:packages/friday-core/src/configuration/useConfiguration.ts
FN:5,(anonymous_1)
FN:6,(anonymous_2)
FNF:2
FNH:2
FNDA:3,(anonymous_1)
FNDA:3,(anonymous_2)
DA:1,4
DA:2,4
DA:3,4
DA:5,4
DA:6,3
DA:8,3
DA:10,2
DA:13,4
LF:8
LH:8
BRF:0
BRH:0
end_of_record
TN:
SF:packages/friday-core/src/middleware/index.ts
FN:5,(anonymous_1)
FNF:1
FNH:1
FNDA:2,(anonymous_1)
DA:1,4
DA:5,6
DA:7,4
LF:3
LH:3
BRF:0
BRH:0
end_of_record
TN:
SF:packages/friday-core/src/middleware/middleware.service.ts
FN:10,(anonymous_1)
FN:14,(anonymous_2)
FN:21,(anonymous_3)
FN:30,(anonymous_4)
FN:37,(anonymous_5)
FNF:5
FNH:4
FNDA:4,(anonymous_1)
FNDA:4,(anonymous_2)
FNDA:0,(anonymous_3)
FNDA:3,(anonymous_4)
FNDA:2,(anonymous_5)
DA:1,4
DA:2,4
DA:3,4
DA:4,4
DA:7,4
DA:8,4
DA:11,4
DA:14,4
DA:15,4
DA:20,3
DA:21,0
DA:22,0
DA:24,0
DA:27,3
DA:30,4
DA:31,3
DA:32,3
DA:33,3
DA:34,3
DA:37,4
DA:38,2
LF:21
LH:18
BRDA:16,0,0,4
BRDA:16,0,1,1
BRDA:20,1,0,0
BRDA:20,1,1,3
BRF:4
BRH:3
end_of_record
TN:
SF:packages/friday-core/src/middleware/middlewares/globalState.middleware.tsx
FN:4,GlobalState_middleware
FN:9,(anonymous_2)
FN:11,(anonymous_3)
FNF:3
FNH:3
FNDA:3,GlobalState_middleware
FNDA:3,(anonymous_2)
FNDA:3,(anonymous_3)
DA:1,4
DA:2,4
DA:4,4
DA:5,3
DA:7,3
DA:10,3
DA:12,3
LF:7
LH:7
BRF:0
BRH:0
end_of_record
TN:
SF:packages/friday-core/src/process/deferred.ts
FN:10,(anonymous_0)
FN:11,(anonymous_1)
FNF:2
FNH:2
FNDA:11,(anonymous_0)
FNDA:11,(anonymous_1)
DA:3,8
DA:11,11
DA:12,11
DA:13,11
LF:4
LH:4
BRF:0
BRH:0
end_of_record
TN:
SF:packages/friday-core/src/process/index.ts
FNF:0
FNH:0
DA:3,8
DA:5,8
LF:2
LH:2
BRF:0
BRH:0
end_of_record
TN:
SF:packages/friday-core/src/process/process.service.ts
FN:11,(anonymous_0)
FN:15,(anonymous_1)
FNF:2
FNH:2
FNDA:6,(anonymous_0)
FNDA:11,(anonymous_1)
DA:1,8
DA:8,8
DA:12,6
DA:16,11
LF:4
LH:4
BRF:0
BRH:0
end_of_record
TN:
SF:packages/friday-core/src/render/index.ts
FNF:0
FNH:0
DA:3,3
DA:5,3
LF:2
LH:2
BRF:0
BRH:0
end_of_record
TN:
SF:packages/friday-core/src/render/render.service.tsx
FN:9,(anonymous_1)
FN:14,(anonymous_2)
FN:21,(anonymous_3)
FN:32,(anonymous_4)
FN:42,(anonymous_5)
FNF:5
FNH:5
FNDA:2,(anonymous_1)
FNDA:1,(anonymous_2)
FNDA:4,(anonymous_3)
FNDA:2,(anonymous_4)
FNDA:3,(anonymous_5)
DA:1,3
DA:4,3
DA:10,2
DA:11,2
DA:14,2
DA:15,1
DA:21,2
DA:22,4
DA:23,4
DA:24,4
DA:32,2
DA:33,2
DA:34,2
DA:35,2
DA:43,3
DA:44,2
LF:16
LH:16
BRDA:27,0,0,1
BRDA:27,0,1,3
BRDA:37,1,0,1
BRDA:37,1,1,1
BRDA:43,2,0,2
BRDA:43,2,1,1
BRF:6
BRH:6
end_of_record
TN:
SF:packages/friday-core/src/router/index.ts
FNF:0
FNH:0
DA:3,5
DA:5,5
LF:2
LH:2
BRF:0
BRH:0
end_of_record
TN:
SF:packages/friday-core/src/router/router.service.ts
FN:7,(anonymous_1)
FN:10,(anonymous_2)
FN:21,(anonymous_3)
FN:25,(anonymous_4)
FNF:4
FNH:4
FNDA:5,(anonymous_1)
FNDA:3,(anonymous_2)
FNDA:2,(anonymous_3)
FNDA:5,(anonymous_4)
DA:1,5
DA:2,5
DA:3,5
DA:5,5
DA:7,5
DA:10,5
DA:11,3
DA:16,2
DA:18,2
DA:21,5
DA:22,2
DA:26,5
LF:12
LH:12
BRF:0
BRH:0
end_of_record
